============================================================
  PcsL Cross-Section Analysis Results
  Title: C3_1000
============================================================

Cross-Section Stiffness Matrix (Ks):
    4.742389e-02    2.850905e-14    0.000000e+00    0.000000e+00    0.000000e+00   -4.773469e-17
    1.697133e-14    6.250490e-02    0.000000e+00    0.000000e+00    0.000000e+00   -6.652665e-16
    0.000000e+00    0.000000e+00    2.985368e-01    2.127572e-16   -1.789638e-02    0.000000e+00
    0.000000e+00    0.000000e+00    2.108735e-16    1.349954e-03   -1.232022e-17    0.000000e+00
    0.000000e+00    0.000000e+00   -1.789638e-02   -1.270978e-17    1.333959e-03    0.000000e+00
   -3.882675e-31   -1.882960e-29    0.000000e+00    0.000000e+00    0.000000e+00    8.546608e-06

Cross-Section Stiffness Matrix at Origin (Ks_origin):
    4.742389e-02    2.850905e-14    0.000000e+00    0.000000e+00    0.000000e+00   -3.447168e-15
    1.697133e-14    6.250490e-02    0.000000e+00    0.000000e+00    0.000000e+00   -7.521790e-03
   -0.000000e+00   -0.000000e+00    2.985368e-01    1.558018e-17    1.802930e-02   -0.000000e+00
    0.000000e+00    0.000000e+00    1.369645e-17    1.349954e-03    1.148170e-18    0.000000e+00
    0.000000e+00    0.000000e+00    1.802930e-02    9.852984e-19    1.349954e-03    0.000000e+00
   -2.010994e-15   -7.521790e-03   -0.000000e+00   -0.000000e+00   -0.000000e+00    9.137128e-04

Cross-Section Mass Matrix (Ms):
    2.985368e-03    0.000000e+00    0.000000e+00    0.000000e+00    0.000000e+00   -3.554891e-20
    0.000000e+00    2.985368e-03    0.000000e+00    0.000000e+00    0.000000e+00   -1.802930e-04
    0.000000e+00    0.000000e+00    2.985368e-03    3.554891e-20    1.802930e-04    0.000000e+00
    0.000000e+00    0.000000e+00    3.554891e-20    1.349917e-05    1.999838e-21    0.000000e+00
    0.000000e+00    0.000000e+00    1.802930e-04    1.999838e-21    1.349917e-05    0.000000e+00
   -3.554891e-20   -1.802930e-04    0.000000e+00    0.000000e+00    0.000000e+00    2.699834e-05

--- Cross-Section Properties ---
  Elastic Center X    : -6.03922116e-02
  Elastic Center Y    : 4.58786016e-17
  Shear Center X      : -1.20339205e-01
  Shear Center Y      : -6.60478225e-16
  Mass per unit length: 2.98536782e-03
  Mass Center X       : -6.03922116e-02
  Mass Center Y       : 1.19077166e-17
  Ixx                 : 1.34991681e-05
  Iyy                 : 1.34991681e-05
  Ixy                 : -1.99983757e-21
  Area                : 5.96477088e-03
  Area Center X       : -2.50729253e-19
  Area Center Y       : 8.52035692e-19
  Principal Axis (ref): -5.33280468e-06 deg
  Principal Axis (EC) : 9.00000000e+01 deg

  (Stiffness matrix transformed to shear center)
