============================================================
  PcsL Cross-Section Analysis Results
  Title: T3
============================================================

Cross-Section Stiffness Matrix (Ks):
    1.861822e+00   -4.218764e-14   -8.432732e-01   -9.419554e-15    5.044361e-02   -7.553063e-15
    3.514272e-15    5.295521e-01   -6.598625e-15   -7.101687e-03    1.002822e-14   -2.698480e-03
   -8.432732e-01    4.284205e-14    4.375375e+00   -2.603047e-15   -1.925841e-01    3.205008e-14
   -1.654612e-14   -7.101687e-03    8.376573e-15    5.491957e-02   -1.073521e-15    2.086819e-02
    5.044361e-02    2.595245e-15   -1.925841e-01    1.560707e-15    3.900507e-01   -5.357473e-15
   -1.264608e-14   -2.698480e-03    3.529093e-14    2.086819e-02   -6.708830e-15    9.989896e-02

Cross-Section Stiffness Matrix at Origin (Ks_origin):
    1.861822e+00   -4.218764e-14   -8.432732e-01   -1.541722e-14    2.244711e-03   -1.838371e-14
    3.514272e-15    5.295521e-01   -6.598625e-15   -7.101687e-03    9.651062e-15   -3.296605e-02
   -8.432732e-01    4.284205e-14    4.375375e+00    2.851623e-14    5.749891e-02    3.559903e-14
   -2.254378e-14   -7.101687e-03    3.949585e-14    5.491957e-02   -1.857882e-16    2.127410e-02
    2.244711e-03    5.043965e-15    5.749891e-02    1.820879e-15    3.823296e-01   -3.829851e-15
   -2.608891e-14   -3.296605e-02    4.166576e-14    2.127410e-02   -5.259299e-15    1.019374e-01

Cross-Section Mass Matrix (Ms):
    2.092000e-01    0.000000e+00    0.000000e+00    0.000000e+00    0.000000e+00    1.989511e-17
    0.000000e+00    2.092000e-01    0.000000e+00    0.000000e+00    0.000000e+00   -5.750000e-04
    0.000000e+00    0.000000e+00    2.092000e-01   -1.989511e-17    5.750000e-04    0.000000e+00
    0.000000e+00    0.000000e+00   -1.989511e-17    2.922223e-03   -4.607859e-19    0.000000e+00
    0.000000e+00    0.000000e+00    5.750000e-04   -4.607859e-19    1.793761e-02    0.000000e+00
    1.989511e-17   -5.750000e-04    0.000000e+00    0.000000e+00    0.000000e+00    2.085983e-02

--- Cross-Section Properties ---
  Elastic Center X    : -1.46529615e-02
  Elastic Center Y    : 5.77388558e-15
  Shear Center X      : -5.71569228e-02
  Shear Center Y      : 7.11236850e-15
  Mass per unit length: 2.09200000e-01
  Mass Center X       : -2.74856597e-03
  Mass Center Y       : -9.51009076e-17
  Ixx                 : 2.92222333e-03
  Iyy                 : 1.79376083e-02
  Ixy                 : 4.60785923e-19
  Area                : 2.92000000e-02
  Area Center X       : -1.96917808e-02
  Area Center Y       : -7.46085185e-17
  Principal Axis (ref): -3.18648296e-13 deg
  Principal Axis (EC) : -2.52784101e-13 deg

  (Stiffness matrix transformed to shear center)
