HawtC2_ProjectName: 复合材料叶片截面属性示例 更多消息和教程请访问：http://www.hawtc.cn/
Powered By OpenWECD.HawtC2.HawtC2.PCS @CopyRight 赵子祯
计算时间：07/22/2025 00:27:41
 1  SectionNum  -  总的节点数量

!Section1
刚度矩阵：
 1.642034952384720E-01	  -1.640554107180110E-16	   0.000000000000000E+00	   0.000000000000000E+00	  -0.000000000000000E+00	   6.351125730539900E-19	
-1.666855095066630E-16	   1.741064558499390E-01	   0.000000000000000E+00	   0.000000000000000E+00	   0.000000000000000E+00	  -4.765328780022800E-18	
 0.000000000000000E+00	   0.000000000000000E+00	   5.005056723305460E-01	   8.697571858171730E-18	  -2.696686645111900E-07	  -0.000000000000000E+00	
 0.000000000000000E+00	   0.000000000000000E+00	   8.684507092974300E-18	   4.171492411880540E-04	  -3.390267201276620E-20	  -0.000000000000000E+00	
 0.000000000000000E+00	   0.000000000000000E+00	  -2.696686645111900E-07	  -2.840954540039490E-20	   1.055919951713630E-04	  -0.000000000000000E+00	
 0.000000000000000E+00	   0.000000000000000E+00	   0.000000000000000E+00	   0.000000000000000E+00	   0.000000000000000E+00	   1.203754192395170E-04	
质量矩阵：
5.004999999999950E-03	   0.000000000000000E+00	   0.000000000000000E+00	   0.000000000000000E+00	   8.036886831565220E-21	   1.248750000000000E-04	
0.000000000000000E+00	   5.004999999999950E-03	   0.000000000000000E+00	  -8.036886831565220E-21	   0.000000000000000E+00	   0.000000000000000E+00	
0.000000000000000E+00	   0.000000000000000E+00	   5.004999999999950E-03	  -1.248750000000000E-04	   0.000000000000000E+00	   0.000000000000000E+00	
0.000000000000000E+00	  -8.036886831565220E-21	  -1.248750000000000E-04	   5.205175012487520E-06	   0.000000000000000E+00	   0.000000000000000E+00	
8.036886831565220E-21	   0.000000000000000E+00	   0.000000000000000E+00	   0.000000000000000E+00	   4.160406250000010E-06	  -3.227296858663920E-23	
1.248750000000000E-04	   0.000000000000000E+00	   0.000000000000000E+00	   0.000000000000000E+00	  -3.227296858663920E-23	   1.044768762487510E-06	
剪切中心(m): 	-2.495017438199050E-02	  -1.311668011972840E-17	
弹性中心(m): 	-2.494963558956630E-02	  4.234785753846820E-18	
质量中心(m): 	-2.495004995005020E-02	  1.605771594718340E-18	
截面面积(m^2): 	0.01000000000000003
