============================================================
  PcsL Cross-Section Analysis Results
  Title: S3_0
============================================================

Cross-Section Stiffness Matrix (Ks):
    5.040491e-01   -6.734958e-18    0.000000e+00    0.000000e+00    0.000000e+00   -8.927203e-20
   -3.167772e-18    5.040491e-01    0.000000e+00    0.000000e+00    0.000000e+00   -8.570114e-19
    0.000000e+00    0.000000e+00    4.800000e+00    1.778378e-17    3.972444e-17    0.000000e+00
    0.000000e+00    0.000000e+00    1.990992e-17    4.000544e-03   -1.236099e-19    0.000000e+00
    0.000000e+00    0.000000e+00    4.091894e-17   -1.396533e-19    4.000544e-03    0.000000e+00
    0.000000e+00   -5.844852e-36    0.000000e+00    0.000000e+00    0.000000e+00    8.508069e-04

Cross-Section Stiffness Matrix at Origin (Ks_origin):
    5.040491e-01   -6.734958e-18    0.000000e+00    0.000000e+00    0.000000e+00   -5.267050e-19
   -3.167772e-18    5.040491e-01    0.000000e+00    0.000000e+00    0.000000e+00    1.833052e-18
    0.000000e+00    0.000000e+00    4.800000e+00    2.194940e-17    1.410728e-17    0.000000e+00
    0.000000e+00    0.000000e+00    2.407554e-17    4.000544e-03   -1.236099e-19    0.000000e+00
    0.000000e+00    0.000000e+00    1.530178e-17   -1.396533e-19    4.000544e-03    0.000000e+00
   -4.374329e-19    2.690064e-18    0.000000e+00    0.000000e+00    0.000000e+00    8.508069e-04

Cross-Section Mass Matrix (Ms):
    1.000000e-01    0.000000e+00    0.000000e+00    0.000000e+00    0.000000e+00   -9.486769e-20
    0.000000e+00    1.000000e-01    0.000000e+00    0.000000e+00    0.000000e+00   -2.303930e-19
    0.000000e+00    0.000000e+00    1.000000e-01    9.486769e-20    2.303930e-19    0.000000e+00
    0.000000e+00    0.000000e+00    9.486769e-20    8.333333e-05   -2.541099e-21    0.000000e+00
    0.000000e+00    0.000000e+00    2.303930e-19   -2.541099e-21    8.333333e-05    0.000000e+00
   -9.486769e-20   -2.303930e-19    0.000000e+00    0.000000e+00    0.000000e+00    1.666667e-04

--- Cross-Section Properties ---
  Elastic Center X    : -3.18787107e-18
  Elastic Center Y    : 5.01573696e-18
  Shear Center X      : 5.33690761e-18
  Shear Center Y      : 8.67837852e-19
  Mass per unit length: 1.00000000e-01
  Mass Center X       : -2.30392962e-18
  Mass Center Y       : 9.48676901e-19
  Ixx                 : 8.33333333e-05
  Iyy                 : 8.33333333e-05
  Ixy                 : 2.54109884e-21
  Area                : 1.00000000e-02
  Area Center X       : 2.11758237e-18
  Area Center Y       : 2.20228566e-18
  Principal Axis (ref): 0.00000000e+00 deg
  Principal Axis (EC) : 0.00000000e+00 deg

  (Stiffness matrix transformed to shear center)
