============================================================
  PcsL Cross-Section Analysis Results
  Title: C4
============================================================

Cross-Section Stiffness Matrix (Ks):
    8.311482e-02    4.298976e-36    0.000000e+00    0.000000e+00    0.000000e+00   -9.098810e-21
   -4.913275e-18    8.311482e-02    0.000000e+00    0.000000e+00    0.000000e+00    1.482996e-19
    0.000000e+00    0.000000e+00    3.978403e-01   -6.849898e-18    1.009696e-18    0.000000e+00
    0.000000e+00    0.000000e+00   -1.782250e-17    1.801202e-03   -3.269149e-19    0.000000e+00
    0.000000e+00    0.000000e+00    5.500499e-18   -1.622328e-19    1.801202e-03    0.000000e+00
    0.000000e+00    5.618668e-54    0.000000e+00    0.000000e+00    0.000000e+00    1.500971e-03

Cross-Section Stiffness Matrix at Origin (Ks_origin):
    8.311482e-02    4.298976e-36    0.000000e+00    0.000000e+00    0.000000e+00   -1.177281e-19
   -4.913275e-18    8.311482e-02    0.000000e+00    0.000000e+00    0.000000e+00    9.348994e-20
    0.000000e+00    0.000000e+00    3.978403e-01   -6.329930e-18    1.272050e-18    0.000000e+00
    0.000000e+00    0.000000e+00   -1.730253e-17    1.801202e-03   -3.269149e-19    0.000000e+00
    0.000000e+00    0.000000e+00    5.762853e-18   -1.622328e-19    1.801202e-03    0.000000e+00
   -1.086293e-19   -5.480970e-20    0.000000e+00    0.000000e+00    0.000000e+00    1.500971e-03

Cross-Section Mass Matrix (Ms):
    3.978403e-03    0.000000e+00    0.000000e+00    0.000000e+00    0.000000e+00    1.694066e-21
    0.000000e+00    3.978403e-03    0.000000e+00    0.000000e+00    0.000000e+00    1.544512e-20
    0.000000e+00    0.000000e+00    3.978403e-03   -1.694066e-21   -1.544512e-20    0.000000e+00
    0.000000e+00    0.000000e+00   -1.694066e-21    1.801151e-05    1.574125e-21    0.000000e+00
    0.000000e+00    0.000000e+00   -1.544512e-20    1.574125e-21    1.801151e-05    0.000000e+00
    1.694066e-21    1.544512e-20    0.000000e+00    0.000000e+00    0.000000e+00    3.602302e-05

--- Cross-Section Properties ---
  Elastic Center X    : -1.44853419e-17
  Elastic Center Y    : -4.34911439e-17
  Shear Center X      : -6.59445494e-19
  Shear Center Y      : 1.30697823e-18
  Mass per unit length: 3.97840322e-03
  Mass Center X       : 3.88224007e-18
  Mass Center Y       : -4.25815535e-19
  Ixx                 : 1.80115121e-05
  Iyy                 : 1.80115121e-05
  Ixy                 : -1.57412471e-21
  Area                : 5.96477088e-03
  Area Center X       : -2.50729253e-19
  Area Center Y       : 8.52035692e-19
  Principal Axis (ref): 0.00000000e+00 deg
  Principal Axis (EC) : 0.00000000e+00 deg

  (Stiffness matrix transformed to shear center)
