============================================================
  PcsL Cross-Section Analysis Results
  Title: S3_22.5
============================================================

Cross-Section Stiffness Matrix (Ks):
    7.601398e-01   -5.456735e-18    7.389668e-01    3.009732e-18   -1.004931e-18   -9.821146e-19
    1.559542e-18    4.667069e-01    1.856202e-17    9.875844e-19   -2.006812e-18    9.212110e-20
    7.389668e-01   -2.175172e-18    3.435098e+00    9.746060e-18   -1.849235e-18   -2.727433e-18
    4.221207e-18    1.036257e-19    1.095133e-17    2.507478e-03    1.170064e-19   -4.999805e-04
   -1.672584e-18    7.659024e-19   -4.952827e-18    2.503678e-20    2.274079e-03    3.770279e-21
   -1.024893e-18   -2.066253e-20   -3.035268e-18   -4.999805e-04   -7.566277e-20    1.029418e-03

Cross-Section Stiffness Matrix at Origin (Ks_origin):
    7.601398e-01   -5.456735e-18    7.389668e-01    1.965701e-18   -6.998265e-19    9.183008e-20
    1.559542e-18    4.667069e-01    1.856202e-17    9.875844e-19   -2.006812e-18   -1.005731e-19
    7.389668e-01   -2.175172e-18    3.435098e+00    4.892866e-18   -4.309504e-19   -1.683402e-18
    3.177176e-18    1.036257e-19    6.098136e-18    2.507478e-03    1.170064e-19   -4.999805e-04
   -1.367479e-18    7.659024e-19   -3.534542e-18    2.503678e-20    2.274079e-03    3.770279e-21
    4.905147e-20   -2.133567e-19   -1.991237e-18   -4.999805e-04   -7.566277e-20    1.029418e-03

Cross-Section Mass Matrix (Ms):
    1.000000e-01    0.000000e+00    0.000000e+00    0.000000e+00    0.000000e+00   -9.486769e-20
    0.000000e+00    1.000000e-01    0.000000e+00    0.000000e+00    0.000000e+00   -2.303930e-19
    0.000000e+00    0.000000e+00    1.000000e-01    9.486769e-20    2.303930e-19    0.000000e+00
    0.000000e+00    0.000000e+00    9.486769e-20    8.333333e-05   -2.541099e-21    0.000000e+00
    0.000000e+00    0.000000e+00    2.303930e-19   -2.541099e-21    8.333333e-05    0.000000e+00
   -9.486769e-20   -2.303930e-19    0.000000e+00    0.000000e+00    0.000000e+00    1.666667e-04

--- Cross-Section Properties ---
  Elastic Center X    : 8.11698349e-19
  Elastic Center Y    : 7.43238869e-19
  Shear Center X      : -4.12880451e-19
  Shear Center Y      : -1.41282529e-18
  Mass per unit length: 1.00000000e-01
  Mass Center X       : -2.30392962e-18
  Mass Center Y       : 9.48676901e-19
  Ixx                 : 8.33333333e-05
  Iyy                 : 8.33333333e-05
  Ixy                 : 2.54109884e-21
  Area                : 1.00000000e-02
  Area Center X       : 2.11758237e-18
  Area Center Y       : 2.20228566e-18
  Principal Axis (ref): 9.00000000e+01 deg
  Principal Axis (EC) : 9.00000000e+01 deg

  (Stiffness matrix transformed to shear center)
