============================================================
  PcsL Cross-Section Analysis Results
  Title: S2_1
============================================================

Cross-Section Stiffness Matrix (Ks):
    3.489965e-01   -3.644698e-18    0.000000e+00    0.000000e+00    0.000000e+00   -1.895829e-19
   -3.063660e-18    3.489965e-01    0.000000e+00    0.000000e+00    0.000000e+00    6.867910e-20
    0.000000e+00    0.000000e+00    1.000000e+00   -5.489755e-19   -9.726102e-19    0.000000e+00
    0.000000e+00    0.000000e+00   -3.238691e-19    8.338425e-04    5.175895e-20    0.000000e+00
    0.000000e+00    0.000000e+00   -2.837893e-19    4.725333e-20    8.338425e-04    0.000000e+00
    9.629650e-35    9.223960e-35    0.000000e+00    0.000000e+00    0.000000e+00    5.908429e-04

Cross-Section Stiffness Matrix at Origin (Ks_origin):
    3.489965e-01   -3.644698e-18    0.000000e+00    0.000000e+00    0.000000e+00   -5.780491e-19
   -3.063660e-18    3.489965e-01    0.000000e+00    0.000000e+00    0.000000e+00   -5.952189e-19
    0.000000e+00    0.000000e+00    1.000000e+00    5.641191e-19    9.296950e-19    0.000000e+00
    0.000000e+00    0.000000e+00    7.892255e-19    8.338425e-04    5.175895e-20    0.000000e+00
    0.000000e+00    0.000000e+00    1.618516e-18    4.725333e-20    8.338425e-04    0.000000e+00
   -3.884662e-19   -6.638980e-19    0.000000e+00    0.000000e+00    0.000000e+00    5.908429e-04

Cross-Section Mass Matrix (Ms):
    1.000000e-02    0.000000e+00    0.000000e+00    0.000000e+00    0.000000e+00   -2.202286e-20
    0.000000e+00    1.000000e-02    0.000000e+00    0.000000e+00    0.000000e+00    2.117582e-20
    0.000000e+00    0.000000e+00    1.000000e-02    2.202286e-20   -2.117582e-20    0.000000e+00
    0.000000e+00    0.000000e+00    2.202286e-20    8.333333e-06    4.235165e-22    0.000000e+00
    0.000000e+00    0.000000e+00   -2.117582e-20    4.235165e-22    8.333333e-06    0.000000e+00
   -2.202286e-20    2.117582e-20    0.000000e+00    0.000000e+00    0.000000e+00    1.666667e-05

--- Cross-Section Properties ---
  Elastic Center X    : -1.61851595e-18
  Elastic Center Y    : 7.89225467e-19
  Shear Center X      : -1.90230529e-18
  Shear Center Y      : 1.11309459e-18
  Mass per unit length: 1.00000000e-02
  Mass Center X       : 2.11758237e-18
  Mass Center Y       : 2.20228566e-18
  Ixx                 : 8.33333333e-06
  Iyy                 : 8.33333333e-06
  Ixy                 : -4.23516474e-22
  Area                : 1.00000000e-02
  Area Center X       : 2.11758237e-18
  Area Center Y       : 2.20228566e-18
  Principal Axis (ref): 0.00000000e+00 deg
  Principal Axis (EC) : 0.00000000e+00 deg

  (Stiffness matrix transformed to shear center)
