============================================================
  PcsL Cross-Section Analysis Results
  Title: S2_100000
============================================================

Cross-Section Stiffness Matrix (Ks):
    1.734265e-01   -8.913943e-17    0.000000e+00    0.000000e+00    0.000000e+00    5.400226e-19
   -2.260911e-16    1.750303e-01    0.000000e+00    0.000000e+00    0.000000e+00    1.734723e-18
    0.000000e+00    0.000000e+00    5.000050e-01   -4.050994e-18   -4.797223e-12    0.000000e+00
    0.000000e+00    0.000000e+00   -2.664042e-18    4.169254e-04   -3.508911e-20    0.000000e+00
    0.000000e+00    0.000000e+00   -4.797246e-12   -5.296787e-20    1.044347e-04    0.000000e+00
    3.851860e-34   -1.033694e-33    0.000000e+00    0.000000e+00    0.000000e+00    1.208922e-04

Cross-Section Stiffness Matrix at Origin (Ks_origin):
    1.734265e-01   -8.913943e-17    0.000000e+00    0.000000e+00    0.000000e+00    7.573452e-19
   -2.260911e-16    1.750303e-01    0.000000e+00    0.000000e+00    0.000000e+00   -4.375671e-03
   -0.000000e+00   -0.000000e+00    5.000050e-01    1.747251e-18    1.249988e-02   -0.000000e+00
    0.000000e+00    0.000000e+00    3.134203e-18    4.169254e-04    4.326441e-20    0.000000e+00
    0.000000e+00    0.000000e+00    1.249987e-02   -9.287475e-21    4.169253e-04    0.000000e+00
    3.641045e-18   -4.375671e-03   -0.000000e+00   -0.000000e+00   -0.000000e+00    2.302818e-04

Cross-Section Mass Matrix (Ms):
    5.000050e-03    0.000000e+00    0.000000e+00    0.000000e+00    0.000000e+00   -1.694097e-20
    0.000000e+00    5.000050e-03    0.000000e+00    0.000000e+00    0.000000e+00   -1.249987e-04
    0.000000e+00    0.000000e+00    5.000050e-03    1.694097e-20    1.249987e-04    0.000000e+00
    0.000000e+00    0.000000e+00    1.694097e-20    4.166708e-06    5.360082e-22    0.000000e+00
    0.000000e+00    0.000000e+00    1.249987e-04    5.360082e-22    4.166708e-06    0.000000e+00
   -1.694097e-20   -1.249987e-04    0.000000e+00    0.000000e+00    0.000000e+00    8.333417e-06

--- Cross-Section Properties ---
  Elastic Center X    : -2.49995000e-02
  Elastic Center Y    : 6.26834369e-18
  Shear Center X      : -2.49995000e-02
  Shear Center Y      : 1.15963746e-17
  Mass per unit length: 5.00005000e-03
  Mass Center X       : -2.49995000e-02
  Mass Center Y       : 3.38815995e-18
  Ixx                 : 4.16670833e-06
  Iyy                 : 4.16670833e-06
  Ixy                 : -5.36008190e-22
  Area                : 1.00000000e-02
  Area Center X       : 2.11758237e-18
  Area Center Y       : 2.20228566e-18
  Principal Axis (ref): 9.00000000e+01 deg
  Principal Axis (EC) : 9.00000000e+01 deg

  (Stiffness matrix transformed to shear center)
