============================================================
  PcsL Cross-Section Analysis Results
  Title: S2_1000
============================================================

Cross-Section Stiffness Matrix (Ks):
    1.678818e-01   -9.360603e-17    0.000000e+00    0.000000e+00    0.000000e+00   -1.968940e-18
    2.876781e-18    1.751985e-01    0.000000e+00    0.000000e+00    0.000000e+00   -3.469447e-18
    0.000000e+00    0.000000e+00    5.005000e-01   -2.524000e-18   -4.777495e-10    0.000000e+00
    0.000000e+00    0.000000e+00   -2.080666e-18    4.173381e-04   -2.629146e-20    0.000000e+00
    0.000000e+00    0.000000e+00   -4.777495e-10   -2.431257e-20    1.057743e-04    0.000000e+00
    0.000000e+00   -1.193947e-33    0.000000e+00    0.000000e+00    0.000000e+00    1.217023e-04

Cross-Section Stiffness Matrix at Origin (Ks_origin):
    1.678818e-01   -9.360603e-17    0.000000e+00    0.000000e+00    0.000000e+00   -1.774800e-18
    2.876781e-18    1.751985e-01    0.000000e+00    0.000000e+00    0.000000e+00   -4.371211e-03
   -0.000000e+00   -0.000000e+00    5.005000e-01    3.859887e-18    1.248750e-02   -0.000000e+00
    0.000000e+00    0.000000e+00    4.303222e-18    4.173381e-04    8.107415e-20    0.000000e+00
    0.000000e+00    0.000000e+00    1.248750e-02    7.199181e-20    4.173381e-04    0.000000e+00
   -2.213111e-18   -4.371211e-03   -0.000000e+00   -0.000000e+00   -0.000000e+00    2.307643e-04

Cross-Section Mass Matrix (Ms):
    5.005000e-03    0.000000e+00    0.000000e+00    0.000000e+00    0.000000e+00   -1.693156e-20
    0.000000e+00    5.005000e-03    0.000000e+00    0.000000e+00    0.000000e+00   -1.248750e-04
    0.000000e+00    0.000000e+00    5.005000e-03    1.693156e-20    1.248750e-04    0.000000e+00
    0.000000e+00    0.000000e+00    1.693156e-20    4.170833e-06    5.358062e-22    0.000000e+00
    0.000000e+00    0.000000e+00    1.248750e-04    5.358062e-22    4.170833e-06    0.000000e+00
   -1.693156e-20   -1.248750e-04    0.000000e+00    0.000000e+00    0.000000e+00    8.341667e-06

--- Cross-Section Properties ---
  Elastic Center X    : -2.49500500e-02
  Elastic Center Y    : 8.59784639e-18
  Shear Center X      : -2.49500509e-02
  Shear Center Y      : 1.27550204e-17
  Mass per unit length: 5.00500000e-03
  Mass Center X       : -2.49500500e-02
  Mass Center Y       : 3.38292906e-18
  Ixx                 : 4.17083333e-06
  Iyy                 : 4.17083333e-06
  Ixy                 : -5.35806242e-22
  Area                : 1.00000000e-02
  Area Center X       : 2.11758237e-18
  Area Center Y       : 2.20228566e-18
  Principal Axis (ref): 9.00000000e+01 deg
  Principal Axis (EC) : 9.00000000e+01 deg

  (Stiffness matrix transformed to shear center)
