HawtC2_ProjectName: BECAS_Case5_windEnergy翼型验证 更多消息和教程请访问：http://www.hawtc.cn/
Powered By OpenWECD.HawtC2.HawtC3.PCS @CopyRight 赵子祯
计算时间：12/20/2025 14:30:47
1  SectionNum  -  总的节点数量

!Section1
刚度矩阵：
 7.272176624388040E+08	  -1.009612265613770E+07	  -9.131109495941270E+05	   2.473451392552320E+07	   2.298870090315840E+06	  -4.004472602683710E+05	
-1.009612265619270E+07	   4.290556089571140E+07	   2.521507301266800E+07	  -3.833775523930990E+05	  -5.452124026005700E+06	  -3.418969966458490E+05	
-9.131109514817110E+05	   2.521507301272240E+07	   2.406717134244230E+09	  -2.814470318303300E+07	  -6.897114008766280E+08	  -3.035829008383850E+07	
 2.473451392463480E+07	  -3.833775523762600E+05	  -2.814470318258830E+07	   2.007255630423800E+07	   1.485230037865960E+07	  -4.727622345352170E+04	
 2.298870090826090E+06	  -5.452124026012550E+06	  -6.897114008766700E+08	   1.485230037876970E+07	   5.538741811111710E+08	   3.533460118289710E+06	
-4.004472602295200E+05	  -3.418969966471660E+05	  -3.035829008384530E+07	  -4.727622344553000E+04	   3.533460118289880E+06	   2.030495806853410E+07	
质量矩阵：
 2.595542819335360E+02	   0.000000000000000E+00	  0.000000000000000E+00	   0.000000000000000E+00	  7.046841858308330E+00	  -1.950455747728640E+02	
 0.000000000000000E+00	   2.595542819335360E+02	  0.000000000000000E+00	  -7.046841858308330E+00	  0.000000000000000E+00	   0.000000000000000E+00	
 0.000000000000000E+00	   0.000000000000000E+00	  2.595542819335360E+02	   1.950455747728640E+02	  0.000000000000000E+00	   0.000000000000000E+00	
 0.000000000000000E+00	  -7.046841858308330E+00	  1.950455747728640E+02	   4.983377433601140E+01	  0.000000000000000E+00	   0.000000000000000E+00	
 7.046841858308330E+00	   0.000000000000000E+00	  0.000000000000000E+00	   0.000000000000000E+00	  2.198602026045070E+00	   9.385175531170120E-01	
-1.950455747728640E+02	   0.000000000000000E+00	  0.000000000000000E+00	   0.000000000000000E+00	  9.385175531170120E-01	   4.763517230996630E+01	
气动中心(m): 	0.475
剪切中心(m): 	4.163760972740540E-01	  4.070017950591380E-02	
弹性中心(m): 	7.066647240352380E-01	  2.871056035382170E-02	
质量中心(m): 	7.514635216952790E-01	  2.714978079272380E-02	
截面面积(m^2): 	0.1504940092745166

