============================================================
  PcsL Cross-Section Analysis Results
  Title: C3_10
============================================================

Cross-Section Stiffness Matrix (Ks):
    3.988860e-02    6.935859e-17    0.000000e+00    0.000000e+00    0.000000e+00    1.229234e-18
   -5.699748e-18    6.868581e-02    0.000000e+00    0.000000e+00    0.000000e+00   -8.673617e-18
    0.000000e+00    0.000000e+00    3.280624e-01   -1.765802e-17   -1.612291e-02    0.000000e+00
    0.000000e+00    0.000000e+00   -1.804613e-17    1.483466e-03    7.951611e-19    0.000000e+00
    0.000000e+00    0.000000e+00   -1.612291e-02    1.090749e-18    1.471658e-03    0.000000e+00
   -1.925930e-34    2.029624e-33    0.000000e+00    0.000000e+00    0.000000e+00    4.116559e-04

Cross-Section Stiffness Matrix at Origin (Ks_origin):
    3.988860e-02    6.935859e-17    0.000000e+00    0.000000e+00    0.000000e+00   -6.780700e-18
   -5.699748e-18    6.868581e-02    0.000000e+00    0.000000e+00    0.000000e+00   -6.776309e-03
   -0.000000e+00   -0.000000e+00    3.280624e-01   -8.058009e-18    1.624261e-02   -0.000000e+00
    0.000000e+00    0.000000e+00   -8.446117e-18    1.483466e-03   -5.099051e-19    0.000000e+00
    0.000000e+00    0.000000e+00    1.624261e-02   -1.760278e-19    1.483467e-03    0.000000e+00
   -6.049328e-19   -6.776309e-03   -0.000000e+00   -0.000000e+00   -0.000000e+00    1.080183e-03

Cross-Section Mass Matrix (Ms):
    3.280624e-03    0.000000e+00    0.000000e+00    0.000000e+00    0.000000e+00   -3.470188e-20
    0.000000e+00    3.280624e-03    0.000000e+00    0.000000e+00    0.000000e+00   -1.624261e-04
    0.000000e+00    0.000000e+00    3.280624e-03    3.470188e-20    1.624261e-04    0.000000e+00
    0.000000e+00    0.000000e+00    3.470188e-20    1.483425e-05    2.078395e-21    0.000000e+00
    0.000000e+00    0.000000e+00    1.624261e-04    2.078395e-21    1.483425e-05    0.000000e+00
   -3.470188e-20   -1.624261e-04    0.000000e+00    0.000000e+00    0.000000e+00    2.966850e-05

--- Cross-Section Properties ---
  Elastic Center X    : -4.95107320e-02
  Elastic Center Y    : -2.57454596e-17
  Shear Center X      : -9.86566061e-02
  Shear Center Y      : 2.92627619e-17
  Mass per unit length: 3.28062398e-03
  Mass Center X       : -4.95107320e-02
  Mass Center Y       : 1.05778295e-17
  Ixx                 : 1.48342507e-05
  Iyy                 : 1.48342507e-05
  Ixy                 : -2.07839469e-21
  Area                : 5.96477088e-03
  Area Center X       : -2.50729253e-19
  Area Center Y       : 8.52035692e-19
  Principal Axis (ref): 0.00000000e+00 deg
  Principal Axis (EC) : 9.00000000e+01 deg

  (Stiffness matrix transformed to shear center)
