============================================================
  PcsL Cross-Section Analysis Results
  Title: C2
============================================================

Cross-Section Stiffness Matrix (Ks):
    4.964218e-02   -5.013118e-16    0.000000e+00    0.000000e+00    0.000000e+00    1.490153e-18
   -2.156068e-15    6.244315e-02    0.000000e+00    0.000000e+00    0.000000e+00   -4.189357e-16
    0.000000e+00    0.000000e+00    2.982385e-01    5.323118e-18   -1.791430e-02    0.000000e+00
    0.000000e+00    0.000000e+00    9.250392e-18    1.348605e-03   -4.490330e-19    0.000000e+00
    0.000000e+00    0.000000e+00   -1.791430e-02   -2.454935e-19    1.332562e-03    0.000000e+00
    4.622232e-33    9.505729e-33    0.000000e+00    0.000000e+00    0.000000e+00    4.068023e-06

Cross-Section Stiffness Matrix at Origin (Ks_origin):
    4.964218e-02   -5.013118e-16    0.000000e+00    0.000000e+00    0.000000e+00    6.287970e-17
   -2.156068e-15    6.244315e-02    0.000000e+00    0.000000e+00    0.000000e+00   -7.529403e-03
   -0.000000e+00   -0.000000e+00    2.982385e-01   -3.319942e-19    1.804734e-02   -0.000000e+00
    0.000000e+00    0.000000e+00    3.595279e-18    1.348605e-03    3.241719e-19    0.000000e+00
    0.000000e+00    0.000000e+00    1.804734e-02    5.416024e-20    1.348605e-03    0.000000e+00
    2.609203e-16   -7.529403e-03   -0.000000e+00   -0.000000e+00   -0.000000e+00    9.119643e-04

Cross-Section Mass Matrix (Ms):
    2.982385e-03    0.000000e+00    0.000000e+00    0.000000e+00    0.000000e+00   -2.456396e-20
    0.000000e+00    2.982385e-03    0.000000e+00    0.000000e+00    0.000000e+00   -1.804734e-04
    0.000000e+00    0.000000e+00    2.982385e-03    2.456396e-20    1.804734e-04    0.000000e+00
    0.000000e+00    0.000000e+00    2.456396e-20    1.348568e-05   -8.437242e-23    0.000000e+00
    0.000000e+00    0.000000e+00    1.804734e-04   -8.437242e-23    1.348568e-05    0.000000e+00
   -2.456396e-20   -1.804734e-04    0.000000e+00    0.000000e+00    0.000000e+00    2.697136e-05

--- Cross-Section Properties ---
  Elastic Center X    : -6.05131169e-02
  Elastic Center Y    : 1.20550458e-17
  Shear Center X      : -1.20580122e-01
  Shear Center Y      : -1.89617093e-17
  Mass per unit length: 2.98238544e-03
  Mass Center X       : -6.05131169e-02
  Mass Center Y       : 8.23634503e-18
  Ixx                 : 1.34856825e-05
  Iyy                 : 1.34856825e-05
  Ixy                 : 8.43724225e-23
  Area                : 2.98238544e-03
  Area Center X       : -6.05131169e-02
  Area Center Y       : 8.23634503e-18
  Principal Axis (ref): 9.00000000e+01 deg
  Principal Axis (EC) : 9.00000000e+01 deg

  (Stiffness matrix transformed to shear center)
