============================================================
  PcsL Cross-Section Analysis Results
  Title: T1
============================================================

Cross-Section Stiffness Matrix (Ks):
    7.610970e-01   -1.077656e-14    0.000000e+00    0.000000e+00    0.000000e+00    9.881025e-16
   -9.011976e-15    2.926421e-01    0.000000e+00    0.000000e+00    0.000000e+00   -6.158268e-16
    0.000000e+00    0.000000e+00    2.920000e+00   -5.617158e-15   -2.493131e-02    0.000000e+00
    0.000000e+00    0.000000e+00   -5.056904e-15    3.287731e-02    1.985436e-16    0.000000e+00
    0.000000e+00    0.000000e+00   -2.493131e-02    2.212075e-16    2.928526e-01    0.000000e+00
    0.000000e+00   -2.023337e-29    0.000000e+00    0.000000e+00    0.000000e+00    3.924882e-02

Cross-Section Stiffness Matrix at Origin (Ks_origin):
    7.610970e-01   -1.077656e-14    0.000000e+00    0.000000e+00    0.000000e+00   -1.366629e-16
   -9.011976e-15    2.926421e-01    0.000000e+00    0.000000e+00    0.000000e+00   -8.261257e-03
    0.000000e+00    0.000000e+00    2.920000e+00   -1.347551e-16    5.750000e-02    0.000000e+00
    0.000000e+00    0.000000e+00    4.254995e-16    3.287731e-02    1.637460e-16    0.000000e+00
    0.000000e+00    0.000000e+00    5.750000e-02    1.705940e-16    2.937720e-01    0.000000e+00
   -1.174579e-15   -8.261257e-03    0.000000e+00    0.000000e+00    0.000000e+00    3.948203e-02

Cross-Section Mass Matrix (Ms):
    2.920000e-02    0.000000e+00    0.000000e+00    0.000000e+00    0.000000e+00   -5.285486e-19
    0.000000e+00    2.920000e-02    0.000000e+00    0.000000e+00    0.000000e+00   -5.750000e-04
    0.000000e+00    0.000000e+00    2.920000e-02    5.285486e-19    5.750000e-04    0.000000e+00
    0.000000e+00    0.000000e+00    5.285486e-19    3.287233e-04    1.863472e-20    0.000000e+00
    0.000000e+00    0.000000e+00    5.750000e-04    1.863472e-20    2.937608e-03    0.000000e+00
   -5.285486e-19   -5.750000e-04    0.000000e+00    0.000000e+00    0.000000e+00    3.266332e-03

--- Cross-Section Properties ---
  Elastic Center X    : -1.96917808e-02
  Elastic Center Y    : 1.45718993e-16
  Shear Center X      : -2.82298993e-02
  Shear Center Y      : 1.87753527e-15
  Mass per unit length: 2.92000000e-02
  Mass Center X       : -1.96917808e-02
  Mass Center Y       : 1.81009781e-17
  Ixx                 : 3.28723333e-04
  Iyy                 : 2.93760833e-03
  Ixy                 : -1.86347248e-20
  Area                : 2.92000000e-02
  Area Center X       : -1.96917808e-02
  Area Center Y       : 1.81009781e-17
  Principal Axis (ref): -3.74645986e-14 deg
  Principal Axis (EC) : -3.82132001e-14 deg

  (Stiffness matrix transformed to shear center)
