============================================================
  PcsL Cross-Section Analysis Results
  Title: S3_90
============================================================

Cross-Section Stiffness Matrix (Ks):
    5.003244e-01   -1.549677e-18    2.911361e-18    2.474490e-35    5.718693e-35   -2.308301e-19
   -1.048311e-18    4.201170e-01   -4.976380e-34    1.133931e-36   -7.345871e-36    3.608679e-20
    2.911361e-18    7.783475e-35    1.200000e+00    8.215904e-19   -2.494350e-18    5.347552e-35
   -3.829779e-35   -6.535305e-36   -5.637931e-19    1.000748e-03    1.283151e-20   -2.231533e-21
   -4.139654e-35   -2.120791e-35   -2.122740e-18    1.676978e-20    1.000428e-03   -1.345976e-35
   -1.203706e-35    3.073029e-37    3.578498e-35   -2.231533e-21   -2.200826e-35    7.736915e-04

Cross-Section Stiffness Matrix at Origin (Ks_origin):
    5.003244e-01   -1.549677e-18    2.911361e-18    2.416757e-35    5.393592e-35   -1.316151e-19
   -1.048311e-18    4.201170e-01   -4.976380e-34    1.133931e-36   -7.345871e-36    5.052151e-19
    2.911361e-18    7.783475e-35    1.200000e+00    5.836289e-19   -3.834344e-18    5.405285e-35
   -3.887511e-35   -6.535305e-36   -8.017547e-19    1.000748e-03    1.283151e-20   -2.231533e-21
   -4.464755e-35   -2.120791e-35   -3.462734e-18    1.676978e-20    1.000428e-03   -1.345976e-35
    9.921498e-20    4.691283e-19    3.636230e-35   -2.231533e-21   -2.200826e-35    7.736915e-04

Cross-Section Mass Matrix (Ms):
    1.000000e-01    0.000000e+00    0.000000e+00    0.000000e+00    0.000000e+00   -9.486769e-20
    0.000000e+00    1.000000e-01    0.000000e+00    0.000000e+00    0.000000e+00   -2.303930e-19
    0.000000e+00    0.000000e+00    1.000000e-01    9.486769e-20    2.303930e-19    0.000000e+00
    0.000000e+00    0.000000e+00    9.486769e-20    8.333333e-05   -2.541099e-21    0.000000e+00
    0.000000e+00    0.000000e+00    2.303930e-19   -2.541099e-21    8.333333e-05    0.000000e+00
   -9.486769e-20   -2.303930e-19    0.000000e+00    0.000000e+00    0.000000e+00    1.666667e-04

--- Cross-Section Properties ---
  Elastic Center X    : 2.88561127e-18
  Elastic Center Y    : -6.68128897e-19
  Shear Center X      : 1.11666110e-18
  Shear Center Y      : -1.98301294e-19
  Mass per unit length: 1.00000000e-01
  Mass Center X       : -2.30392962e-18
  Mass Center Y       : 9.48676901e-19
  Ixx                 : 8.33333333e-05
  Iyy                 : 8.33333333e-05
  Ixy                 : 2.54109884e-21
  Area                : 1.00000000e-02
  Area Center X       : 2.11758237e-18
  Area Center Y       : 2.20228566e-18
  Principal Axis (ref): 9.00000000e+01 deg
  Principal Axis (EC) : 9.00000000e+01 deg

  (Stiffness matrix transformed to shear center)
