============================================================
  PcsL Cross-Section Analysis Results
  Title: C3_100
============================================================

Cross-Section Stiffness Matrix (Ks):
    3.746205e-02   -8.133921e-16    0.000000e+00    0.000000e+00    0.000000e+00   -1.314556e-17
   -5.447569e-16    6.306634e-02    0.000000e+00    0.000000e+00    0.000000e+00   -9.714451e-17
    0.000000e+00    0.000000e+00    3.012209e-01   -8.994485e-17   -1.773516e-02    0.000000e+00
    0.000000e+00    0.000000e+00   -7.558338e-17    1.362091e-03    4.014315e-18    0.000000e+00
    0.000000e+00    0.000000e+00   -1.773516e-02    4.567205e-18    1.346524e-03    0.000000e+00
    0.000000e+00   -2.210770e-31    0.000000e+00    0.000000e+00    0.000000e+00    4.845515e-05

Cross-Section Stiffness Matrix at Origin (Ks_origin):
    3.746205e-02   -8.133921e-16    0.000000e+00    0.000000e+00    0.000000e+00    7.280917e-17
   -5.447569e-16    6.306634e-02    0.000000e+00    0.000000e+00    0.000000e+00   -7.453963e-03
   -0.000000e+00   -0.000000e+00    3.012209e-01   -8.074101e-18    1.786687e-02   -0.000000e+00
    0.000000e+00    0.000000e+00    6.287373e-18    1.362091e-03   -6.291660e-20    0.000000e+00
    0.000000e+00    0.000000e+00    1.786687e-02   -1.207444e-18    1.362092e-03    0.000000e+00
    5.420408e-17   -7.453963e-03   -0.000000e+00   -0.000000e+00   -0.000000e+00    9.294571e-04

Cross-Section Mass Matrix (Ms):
    3.012209e-03    0.000000e+00    0.000000e+00    0.000000e+00    0.000000e+00   -3.548274e-20
    0.000000e+00    3.012209e-03    0.000000e+00    0.000000e+00    0.000000e+00   -1.786687e-04
    0.000000e+00    0.000000e+00    3.012209e-03    3.548274e-20    1.786687e-04    0.000000e+00
    0.000000e+00    0.000000e+00    3.548274e-20    1.362054e-05    1.990765e-21    0.000000e+00
    0.000000e+00    0.000000e+00    1.786687e-04    1.990765e-21    1.362054e-05    0.000000e+00
   -3.548274e-20   -1.786687e-04    0.000000e+00    0.000000e+00    0.000000e+00    2.724108e-05

--- Cross-Section Properties ---
  Elastic Center X    : -5.93148374e-02
  Elastic Center Y    : 2.08729606e-17
  Shear Center X      : -1.18192417e-01
  Shear Center Y      : 2.71796352e-16
  Mass per unit length: 3.01220929e-03
  Mass Center X       : -5.93148374e-02
  Mass Center Y       : 1.17796395e-17
  Ixx                 : 1.36205393e-05
  Iyy                 : 1.36205393e-05
  Ixy                 : -1.99076524e-21
  Area                : 5.96477088e-03
  Area Center X       : -2.50729253e-19
  Area Center Y       : 8.52035692e-19
  Principal Axis (ref): 7.03676249e-07 deg
  Principal Axis (EC) : 9.00000000e+01 deg

  (Stiffness matrix transformed to shear center)
