============================================================
  PcsL Cross-Section Analysis Results
  Title: C3_100000
============================================================

Cross-Section Stiffness Matrix (Ks):
    4.961795e-02    1.953121e-14    0.000000e+00    0.000000e+00    0.000000e+00    1.290370e-17
    2.159290e-14    6.244376e-02    0.000000e+00    0.000000e+00    0.000000e+00    4.562323e-16
    0.000000e+00    0.000000e+00    2.982415e-01   -1.741047e-16   -1.791412e-02    0.000000e+00
    0.000000e+00    0.000000e+00   -1.712120e-16    1.348619e-03    1.063639e-17    0.000000e+00
    0.000000e+00    0.000000e+00   -1.791412e-02    1.094772e-17    1.332576e-03    0.000000e+00
    9.244464e-32    1.502606e-29    0.000000e+00    0.000000e+00    0.000000e+00    4.112854e-06

Cross-Section Stiffness Matrix at Origin (Ks_origin):
    4.961795e-02    1.953121e-14    0.000000e+00    0.000000e+00    0.000000e+00   -2.380298e-15
    2.159290e-14    6.244376e-02    0.000000e+00    0.000000e+00    0.000000e+00   -7.529326e-03
   -0.000000e+00   -0.000000e+00    2.982415e-01    5.534321e-17    1.804716e-02   -0.000000e+00
    0.000000e+00    0.000000e+00    5.823593e-17    1.348619e-03    3.876371e-18    0.000000e+00
    0.000000e+00    0.000000e+00    1.804716e-02    3.838904e-18    1.348619e-03    0.000000e+00
   -2.641795e-15   -7.529326e-03   -0.000000e+00   -0.000000e+00   -0.000000e+00    9.119817e-04

Cross-Section Mass Matrix (Ms):
    2.982415e-03    0.000000e+00    0.000000e+00    0.000000e+00    0.000000e+00   -3.557568e-20
    0.000000e+00    2.982415e-03    0.000000e+00    0.000000e+00    0.000000e+00   -1.804716e-04
    0.000000e+00    0.000000e+00    2.982415e-03    3.557568e-20    1.804716e-04    0.000000e+00
    0.000000e+00    0.000000e+00    3.557568e-20    1.348582e-05    1.997642e-21    0.000000e+00
    0.000000e+00    0.000000e+00    1.804716e-04    1.997642e-21    1.348582e-05    0.000000e+00
   -3.557568e-20   -1.804716e-04    0.000000e+00    0.000000e+00    0.000000e+00    2.697163e-05

--- Cross-Section Properties ---
  Elastic Center X    : -6.05119067e-02
  Elastic Center Y    : 1.95264309e-16
  Shear Center X      : -1.20577711e-01
  Shear Center Y      : 7.69335839e-16
  Mass per unit length: 2.98241526e-03
  Mass Center X       : -6.05119067e-02
  Mass Center Y       : 1.19284812e-17
  Ixx                 : 1.34858173e-05
  Iyy                 : 1.34858173e-05
  Ixy                 : -1.99764175e-21
  Area                : 5.96477088e-03
  Area Center X       : -2.50729253e-19
  Area Center Y       : 8.52035692e-19
  Principal Axis (ref): -8.99998227e+01 deg
  Principal Axis (EC) : -9.00000000e+01 deg

  (Stiffness matrix transformed to shear center)
