============================================================
  PcsL Cross-Section Analysis Results
  Title: S1_T6_fine
============================================================

Cross-Section Stiffness Matrix (Ks):
    3.461068e-01    5.095600e-10    0.000000e+00    0.000000e+00    0.000000e+00    6.086431e-19
    5.095600e-10    3.461068e-01    0.000000e+00    0.000000e+00    0.000000e+00    4.680821e-19
    0.000000e+00    0.000000e+00    1.000000e+00   -1.007444e-09    1.185218e-10    0.000000e+00
    0.000000e+00    0.000000e+00   -1.007444e-09    8.333333e-04   -1.140870e-13    0.000000e+00
    0.000000e+00    0.000000e+00    1.185218e-10   -1.140870e-13    8.333333e-04    0.000000e+00
    0.000000e+00    2.851822e-27    0.000000e+00    0.000000e+00    0.000000e+00    5.857383e-04

Cross-Section Stiffness Matrix at Origin (Ks_origin):
    3.461068e-01    5.095600e-10    0.000000e+00    0.000000e+00    0.000000e+00   -3.486834e-10
    5.095600e-10    3.461068e-01    0.000000e+00    0.000000e+00    0.000000e+00    4.102122e-11
    0.000000e+00    0.000000e+00    1.000000e+00    1.061784e-17   -5.466719e-18    0.000000e+00
    0.000000e+00    0.000000e+00    9.824717e-18    8.333333e-04   -1.140869e-13    0.000000e+00
    0.000000e+00    0.000000e+00   -1.980060e-18   -1.140868e-13    8.333333e-04    0.000000e+00
   -3.486834e-10    4.102122e-11    0.000000e+00    0.000000e+00    0.000000e+00    5.857383e-04

Cross-Section Mass Matrix (Ms):
    1.000000e-02    0.000000e+00    0.000000e+00    0.000000e+00    0.000000e+00    7.040961e-21
    0.000000e+00    1.000000e-02    0.000000e+00    0.000000e+00    0.000000e+00    5.042493e-20
    0.000000e+00    0.000000e+00    1.000000e-02   -7.040961e-21   -5.042493e-20    0.000000e+00
    0.000000e+00    0.000000e+00   -7.040961e-21    8.333333e-06    5.327043e-22    0.000000e+00
    0.000000e+00    0.000000e+00   -5.042493e-20    5.327043e-22    8.333333e-06    0.000000e+00
    7.040961e-21    5.042493e-20    0.000000e+00    0.000000e+00    0.000000e+00    1.666667e-05

--- Cross-Section Properties ---
  Elastic Center X    : 1.98006040e-18
  Elastic Center Y    : 9.82471658e-18
  Shear Center X      : 1.18521840e-10
  Shear Center Y      : 1.00744448e-09
  Mass per unit length: 1.00000000e-02
  Mass Center X       : 5.04249301e-18
  Mass Center Y       : -7.04096137e-19
  Ixx                 : 8.33333333e-06
  Iyy                 : 8.33333333e-06
  Ixy                 : -5.32704314e-22
  Area                : 1.00000000e-02
  Area Center X       : 5.04249301e-18
  Area Center Y       : -7.04096137e-19
  Principal Axis (ref): 3.89156263e+01 deg
  Principal Axis (EC) : 3.89156263e+01 deg

  (Stiffness matrix transformed to shear center)
