============================================================
  PcsL Cross-Section Analysis Results
  Title: S1_T6
============================================================

Cross-Section Stiffness Matrix (Ks):
    3.461077e-01    8.113256e-09    0.000000e+00    0.000000e+00    0.000000e+00    5.415981e-20
    8.113256e-09    3.461078e-01    0.000000e+00    0.000000e+00    0.000000e+00   -2.180453e-20
    0.000000e+00    0.000000e+00    1.000000e+00   -7.485640e-10    4.615122e-10    0.000000e+00
    0.000000e+00    0.000000e+00   -7.485640e-10    8.333333e-04    1.077224e-15    0.000000e+00
    0.000000e+00    0.000000e+00    4.615122e-10    1.077271e-15    8.333333e-04    0.000000e+00
    0.000000e+00    2.214850e-26    0.000000e+00    0.000000e+00    0.000000e+00    5.857528e-04

Cross-Section Stiffness Matrix at Origin (Ks_origin):
    3.461077e-01    8.113256e-09    0.000000e+00    0.000000e+00    0.000000e+00   -2.590837e-10
    8.113256e-09    3.461078e-01    0.000000e+00    0.000000e+00    0.000000e+00    1.597330e-10
    0.000000e+00    0.000000e+00    1.000000e+00   -9.881759e-18   -1.011313e-18    0.000000e+00
    0.000000e+00    0.000000e+00   -1.084195e-17    8.333333e-04    1.077569e-15    0.000000e+00
    0.000000e+00    0.000000e+00   -2.005072e-18    1.077617e-15    8.333333e-04    0.000000e+00
   -2.590837e-10    1.597330e-10    0.000000e+00    0.000000e+00    0.000000e+00    5.857528e-04

Cross-Section Mass Matrix (Ms):
    1.000000e-02    0.000000e+00    0.000000e+00    0.000000e+00    0.000000e+00    9.343832e-20
    0.000000e+00    1.000000e-02    0.000000e+00    0.000000e+00    0.000000e+00   -2.805797e-20
    0.000000e+00    0.000000e+00    1.000000e-02   -9.343832e-20    2.805797e-20    0.000000e+00
    0.000000e+00    0.000000e+00   -9.343832e-20    8.333333e-06    3.068840e-22    0.000000e+00
    0.000000e+00    0.000000e+00    2.805797e-20    3.068840e-22    8.333333e-06    0.000000e+00
    9.343832e-20   -2.805797e-20    0.000000e+00    0.000000e+00    0.000000e+00    1.666667e-05

--- Cross-Section Properties ---
  Elastic Center X    : 2.00507217e-18
  Elastic Center Y    : -1.08419484e-17
  Shear Center X      : 4.61512223e-10
  Shear Center Y      : 7.48564007e-10
  Mass per unit length: 1.00000000e-02
  Mass Center X       : -2.80579664e-18
  Mass Center Y       : -9.34383220e-18
  Ixx                 : 8.33333333e-06
  Iyy                 : 8.33333333e-06
  Ixy                 : -3.06884007e-22
  Area                : 1.00000000e-02
  Area Center X       : -2.80579664e-18
  Area Center Y       : -9.34383220e-18
  Principal Axis (ref): -6.45076198e+01 deg
  Principal Axis (EC) : -6.45076198e+01 deg

  (Stiffness matrix transformed to shear center)
