============================================================
  PcsL Cross-Section Analysis Results
  Title: S3_45
============================================================

Cross-Section Stiffness Matrix (Ks):
    8.409855e-01    4.435922e-20    4.011606e-01   -3.061318e-18    4.623159e-18   -3.387845e-18
   -1.255826e-17    4.473442e-01   -1.277907e-17    1.650777e-18    6.485214e-19    9.550905e-19
    4.011606e-01    1.287403e-17    1.712753e+00    6.712034e-18   -3.267437e-18   -3.712680e-18
   -6.191671e-18    1.173022e-18    2.644156e-18    1.326195e-03   -5.829836e-20   -2.421090e-04
    3.361955e-18    1.913929e-18   -4.592262e-18    3.773687e-20    1.273938e-03    6.803339e-20
    1.491855e-18   -2.141458e-19    1.060745e-18   -2.421090e-04    4.239545e-20    1.017219e-03

Cross-Section Stiffness Matrix at Origin (Ks_origin):
    8.409855e-01    4.435922e-20    4.011606e-01   -4.244936e-18    4.103126e-18   -9.065315e-19
   -1.255826e-17    4.473442e-01   -1.277907e-17    1.650777e-18    6.485214e-19    1.534993e-18
    4.011606e-01    1.287403e-17    1.712753e+00    1.658584e-18   -5.487718e-18   -2.529063e-18
   -7.375289e-18    1.173022e-18   -2.409295e-18    1.326195e-03   -5.829836e-20   -2.421090e-04
    2.841922e-18    1.913929e-18   -6.812542e-18    3.773687e-20    1.273938e-03    6.803339e-20
    3.973169e-18    3.657564e-19    2.244363e-18   -2.421090e-04    4.239545e-20    1.017219e-03

Cross-Section Mass Matrix (Ms):
    1.000000e-01    0.000000e+00    0.000000e+00    0.000000e+00    0.000000e+00   -9.486769e-20
    0.000000e+00    1.000000e-01    0.000000e+00    0.000000e+00    0.000000e+00   -2.303930e-19
    0.000000e+00    0.000000e+00    1.000000e-01    9.486769e-20    2.303930e-19    0.000000e+00
    0.000000e+00    0.000000e+00    9.486769e-20    8.333333e-05   -2.541099e-21    0.000000e+00
    0.000000e+00    0.000000e+00    2.303930e-19   -2.541099e-21    8.333333e-05    0.000000e+00
   -9.486769e-20   -2.303930e-19    0.000000e+00    0.000000e+00    0.000000e+00    1.666667e-04

--- Cross-Section Properties ---
  Elastic Center X    : 5.36887263e-18
  Elastic Center Y    : 7.83427462e-19
  Shear Center X      : 1.29632231e-18
  Shear Center Y      : -2.95048358e-18
  Mass per unit length: 1.00000000e-01
  Mass Center X       : -2.30392962e-18
  Mass Center Y       : 9.48676901e-19
  Ixx                 : 8.33333333e-05
  Iyy                 : 8.33333333e-05
  Ixy                 : 2.54109884e-21
  Area                : 1.00000000e-02
  Area Center X       : 2.11758237e-18
  Area Center Y       : 2.20228566e-18
  Principal Axis (ref): 9.00000000e+01 deg
  Principal Axis (EC) : 9.00000000e+01 deg

  (Stiffness matrix transformed to shear center)
