HawtC2_ProjectName: 复合材料叶片截面属性示例 更多消息和教程请访问：http://www.hawtc.cn/
Powered By OpenWECD.HawtC2.HawtC3.PCS @CopyRight 赵子祯
计算时间：01/25/2026 21:08:31
 1  SectionNum  -  总的节点数量

!Section1
刚度矩阵：
 3.468315138992330E-01	   1.182238244916230E-16	  -0.000000000000000E+00	  -0.000000000000000E+00	  -0.000000000000000E+00	   3.782617815404840E-20	
 1.178728859324770E-16	   3.468315138992330E-01	  -0.000000000000000E+00	  -0.000000000000000E+00	  -0.000000000000000E+00	   3.009911949709300E-19	
 0.000000000000000E+00	   0.000000000000000E+00	   1.000000000000000E+00	   2.627699580764030E-18	  -1.664204673220620E-18	  -0.000000000000000E+00	
 0.000000000000000E+00	   0.000000000000000E+00	   5.270673568555460E-19	   8.334606388892260E-04	   7.482990757369220E-21	  -0.000000000000000E+00	
 0.000000000000000E+00	   0.000000000000000E+00	  -1.907103060966690E-18	   1.788398673736620E-21	   8.334606388892230E-04	  -0.000000000000000E+00	
-5.407487292739820E-35	  -1.253118720311480E-35	   0.000000000000000E+00	   0.000000000000000E+00	   0.000000000000000E+00	   5.870271439896800E-04	
质量矩阵：
 1.000000000000000E-02	  0.000000000000000E+00	   0.000000000000000E+00	   0.000000000000000E+00	  -9.105604182983730E-21	  2.837560373301910E-20	
 0.000000000000000E+00	  1.000000000000000E-02	   0.000000000000000E+00	   9.105604182983730E-21	   0.000000000000000E+00	  0.000000000000000E+00	
 0.000000000000000E+00	  0.000000000000000E+00	   1.000000000000000E-02	  -2.837560373301910E-20	   0.000000000000000E+00	  0.000000000000000E+00	
 0.000000000000000E+00	  9.105604182983730E-21	  -2.837560373301910E-20	   1.662500000000000E-05	   0.000000000000000E+00	  0.000000000000000E+00	
-9.105604182983730E-21	  0.000000000000000E+00	   0.000000000000000E+00	   0.000000000000000E+00	   8.312500000000010E-06	  8.470329472543000E-22	
 2.837560373301910E-20	  0.000000000000000E+00	   0.000000000000000E+00	   0.000000000000000E+00	   8.470329472543000E-22	  8.312500000000010E-06	
剪切中心(m): 	1.695716515346350E-18	  1.866247504518820E-18	
弹性中心(m): 	3.602819576313040E-18	  2.393314861374370E-18	
质量中心(m): 	-2.837560373301900E-18	  -9.105604182983700E-19	
截面面积(m^2): 	0.01000000000000003
