============================================================
  PcsL Cross-Section Analysis Results
  Title: S1
============================================================

Cross-Section Stiffness Matrix (Ks):
    3.489938e-01   -5.427601e-18    0.000000e+00    0.000000e+00    0.000000e+00    3.891754e-19
   -6.778647e-18    3.489938e-01    0.000000e+00    0.000000e+00    0.000000e+00   -5.163313e-20
    0.000000e+00    0.000000e+00    1.000000e+00    7.943987e-18   -7.870157e-19    0.000000e+00
    0.000000e+00    0.000000e+00    7.929821e-18    8.338425e-04    3.700073e-21    0.000000e+00
    0.000000e+00    0.000000e+00   -4.806008e-19    8.134037e-21    8.338425e-04    0.000000e+00
    1.925930e-34   -1.815753e-35    0.000000e+00    0.000000e+00    0.000000e+00    5.908381e-04

Cross-Section Stiffness Matrix at Origin (Ks_origin):
    3.489938e-01   -5.427601e-18    0.000000e+00    0.000000e+00    0.000000e+00   -7.783507e-19
   -6.778647e-18    3.489938e-01    0.000000e+00    0.000000e+00    0.000000e+00    4.464070e-19
    0.000000e+00    0.000000e+00    1.000000e+00    1.128939e-17   -2.214090e-18    0.000000e+00
    0.000000e+00    0.000000e+00    1.127523e-17    8.338425e-04    3.700073e-21    0.000000e+00
    0.000000e+00    0.000000e+00   -1.907675e-18    8.134037e-21    8.338425e-04    0.000000e+00
   -1.167526e-18    4.980402e-19    0.000000e+00    0.000000e+00    0.000000e+00    5.908381e-04

Cross-Section Mass Matrix (Ms):
    1.000000e-02    0.000000e+00    0.000000e+00    0.000000e+00    0.000000e+00    3.218725e-20
    0.000000e+00    1.000000e-02    0.000000e+00    0.000000e+00    0.000000e+00    1.948176e-20
    0.000000e+00    0.000000e+00    1.000000e-02   -3.218725e-20   -1.948176e-20    0.000000e+00
    0.000000e+00    0.000000e+00   -3.218725e-20    8.333333e-06   -0.000000e+00    0.000000e+00
    0.000000e+00    0.000000e+00   -1.948176e-20   -0.000000e+00    8.333333e-06    0.000000e+00
    3.218725e-20    1.948176e-20    0.000000e+00    0.000000e+00    0.000000e+00    1.666667e-05

--- Cross-Section Properties ---
  Elastic Center X    : 1.90767545e-18
  Elastic Center Y    : 1.12752274e-17
  Shear Center X      : 1.42707466e-18
  Shear Center Y      : 3.34540669e-18
  Mass per unit length: 1.00000000e-02
  Mass Center X       : 1.94817578e-18
  Mass Center Y       : -3.21872520e-18
  Ixx                 : 8.33333333e-06
  Iyy                 : 8.33333333e-06
  Ixy                 : 0.00000000e+00
  Area                : 1.00000000e-02
  Area Center X       : 1.94817578e-18
  Area Center Y       : -3.21872520e-18
  Principal Axis (ref): 9.00000000e+01 deg
  Principal Axis (EC) : 9.00000000e+01 deg

  (Stiffness matrix transformed to shear center)
