============================================================
  PcsL Cross-Section Analysis Results
  Title: S2_10
============================================================

Cross-Section Stiffness Matrix (Ks):
    1.278081e-01   -2.604049e-17    0.000000e+00    0.000000e+00    0.000000e+00    5.909296e-19
   -2.273657e-17    1.922123e-01    0.000000e+00    0.000000e+00    0.000000e+00    2.602085e-18
    0.000000e+00    0.000000e+00    5.500000e-01   -3.656390e-18   -3.254742e-08    0.000000e+00
    0.000000e+00    0.000000e+00   -3.469202e-18    4.586133e-04   -1.437148e-20    0.000000e+00
    0.000000e+00    0.000000e+00   -3.254742e-08   -2.069098e-20    2.284997e-04    0.000000e+00
    0.000000e+00   -2.544301e-34    0.000000e+00    0.000000e+00    0.000000e+00    1.964406e-04

Cross-Section Stiffness Matrix at Origin (Ks_origin):
    1.278081e-01   -2.604049e-17    0.000000e+00    0.000000e+00    0.000000e+00   -1.251794e-19
   -2.273657e-17    1.922123e-01    0.000000e+00    0.000000e+00    0.000000e+00   -3.931626e-03
   -0.000000e+00   -0.000000e+00    5.500000e-01    1.717417e-18    1.125000e-02   -0.000000e+00
    0.000000e+00    0.000000e+00    1.904605e-18    4.586133e-04    2.458614e-20    0.000000e+00
    0.000000e+00    0.000000e+00    1.125000e-02    1.443780e-20    4.586133e-04    0.000000e+00
   -7.836892e-19   -3.931626e-03   -0.000000e+00   -0.000000e+00   -0.000000e+00    2.768604e-04

Cross-Section Mass Matrix (Ms):
    5.500000e-03    0.000000e+00    0.000000e+00    0.000000e+00    0.000000e+00   -1.725830e-20
    0.000000e+00    5.500000e-03    0.000000e+00    0.000000e+00    0.000000e+00   -1.125000e-04
    0.000000e+00    0.000000e+00    5.500000e-03    1.725830e-20    1.125000e-04    0.000000e+00
    0.000000e+00    0.000000e+00    1.725830e-20    4.583333e-06    5.823352e-22    0.000000e+00
    0.000000e+00    0.000000e+00    1.125000e-04    5.823352e-22    4.583333e-06    0.000000e+00
   -1.725830e-20   -1.125000e-04    0.000000e+00    0.000000e+00    0.000000e+00    9.166667e-06

--- Cross-Section Properties ---
  Elastic Center X    : -2.04545455e-02
  Elastic Center Y    : 3.46291827e-18
  Shear Center X      : -2.04546046e-02
  Shear Center Y      : 9.77055887e-18
  Mass per unit length: 5.50000000e-03
  Mass Center X       : -2.04545455e-02
  Mass Center Y       : 3.13787205e-18
  Ixx                 : 4.58333333e-06
  Iyy                 : 4.58333333e-06
  Ixy                 : -5.82335151e-22
  Area                : 1.00000000e-02
  Area Center X       : 2.11758237e-18
  Area Center Y       : 2.20228566e-18
  Principal Axis (ref): 9.00000000e+01 deg
  Principal Axis (EC) : 9.00000000e+01 deg

  (Stiffness matrix transformed to shear center)
