============================================================
  PcsL Cross-Section Analysis Results
  Title: C3_10000
============================================================

Cross-Section Stiffness Matrix (Ks):
    4.940190e-02   -2.278327e-15    0.000000e+00    0.000000e+00    0.000000e+00   -1.346544e-17
    2.449006e-15    6.244926e-02    0.000000e+00    0.000000e+00    0.000000e+00   -5.421011e-16
    0.000000e+00    0.000000e+00    2.982684e-01    1.928868e-16   -1.791250e-02    0.000000e+00
    0.000000e+00    0.000000e+00    1.960979e-16    1.348740e-03   -1.157165e-17    0.000000e+00
    0.000000e+00    0.000000e+00   -1.791250e-02   -1.117547e-17    1.332702e-03    0.000000e+00
    3.697785e-32    8.673617e-19    0.000000e+00    0.000000e+00    0.000000e+00    4.516285e-06

Cross-Section Stiffness Matrix at Origin (Ks_origin):
    4.940190e-02   -2.278327e-15    0.000000e+00    0.000000e+00    0.000000e+00    2.929748e-16
    2.449006e-15    6.244926e-02    0.000000e+00    0.000000e+00    0.000000e+00   -7.528634e-03
   -0.000000e+00   -0.000000e+00    2.982684e-01    1.047419e-18    1.804554e-02   -0.000000e+00
    0.000000e+00    0.000000e+00    4.258527e-18    1.348740e-03    4.626533e-19    0.000000e+00
    0.000000e+00    0.000000e+00    1.804554e-02    4.717128e-19    1.348740e-03    0.000000e+00
   -2.634682e-16   -7.528634e-03   -0.000000e+00   -0.000000e+00   -0.000000e+00    9.121383e-04

Cross-Section Mass Matrix (Ms):
    2.982684e-03    0.000000e+00    0.000000e+00    0.000000e+00    0.000000e+00   -3.557352e-20
    0.000000e+00    2.982684e-03    0.000000e+00    0.000000e+00    0.000000e+00   -1.804554e-04
    0.000000e+00    0.000000e+00    2.982684e-03    3.557352e-20    1.804554e-04    0.000000e+00
    0.000000e+00    0.000000e+00    3.557352e-20    1.348703e-05    1.997687e-21    0.000000e+00
    0.000000e+00    0.000000e+00    1.804554e-04    1.997687e-21    1.348703e-05    0.000000e+00
   -3.557352e-20   -1.804554e-04    0.000000e+00    0.000000e+00    0.000000e+00    2.697406e-05

--- Cross-Section Properties ---
  Elastic Center X    : -6.05010155e-02
  Elastic Center Y    : 1.42775028e-17
  Shear Center X      : -1.20556009e-01
  Shear Center Y      : -6.43176949e-16
  Mass per unit length: 2.98268368e-03
  Mass Center X       : -6.05010155e-02
  Mass Center Y       : 1.19266830e-17
  Ixx                 : 1.34870310e-05
  Iyy                 : 1.34870310e-05
  Ixy                 : -1.99768702e-21
  Area                : 5.96477088e-03
  Area Center X       : -2.50729253e-19
  Area Center Y       : 8.52035692e-19
  Principal Axis (ref): -8.99998123e+01 deg
  Principal Axis (EC) : -9.00000000e+01 deg

  (Stiffness matrix transformed to shear center)
