============================================================
  PcsL Cross-Section Analysis Results
  Title: S2_100
============================================================

Cross-Section Stiffness Matrix (Ks):
    1.382545e-01   -1.776813e-16    0.000000e+00    0.000000e+00    0.000000e+00    6.970106e-19
   -1.728049e-16    1.767303e-01    0.000000e+00    0.000000e+00    0.000000e+00    5.204170e-18
    0.000000e+00    0.000000e+00    5.050000e-01   -6.315949e-20   -4.603337e-09    0.000000e+00
    0.000000e+00    0.000000e+00   -1.508257e-19    4.210904e-04   -4.288560e-20    0.000000e+00
    0.000000e+00    0.000000e+00   -4.603337e-09   -6.581141e-20    1.178416e-04    0.000000e+00
   -4.814825e-34    8.673617e-19    0.000000e+00    0.000000e+00    0.000000e+00    1.290052e-04

Cross-Section Stiffness Matrix at Origin (Ks_origin):
    1.382545e-01   -1.776813e-16    0.000000e+00    0.000000e+00    0.000000e+00    4.354072e-18
   -1.728049e-16    1.767303e-01    0.000000e+00    0.000000e+00    0.000000e+00   -4.330768e-03
   -0.000000e+00   -0.000000e+00    5.050000e-01    2.482800e-18    1.237500e-02   -0.000000e+00
    0.000000e+00    0.000000e+00    2.395134e-18    4.210904e-04    1.580704e-20    0.000000e+00
    0.000000e+00    0.000000e+00    1.237500e-02   -4.970511e-21    4.210904e-04    0.000000e+00
    3.537566e-18   -4.330768e-03   -0.000000e+00   -0.000000e+00   -0.000000e+00    2.351305e-04

Cross-Section Mass Matrix (Ms):
    5.050000e-03    0.000000e+00    0.000000e+00    0.000000e+00    0.000000e+00   -1.704654e-20
    0.000000e+00    5.050000e-03    0.000000e+00    0.000000e+00    0.000000e+00   -1.237500e-04
    0.000000e+00    0.000000e+00    5.050000e-03    1.704654e-20    1.237500e-04    0.000000e+00
    0.000000e+00    0.000000e+00    1.704654e-20    4.208333e-06    5.376674e-22    0.000000e+00
    0.000000e+00    0.000000e+00    1.237500e-04    5.376674e-22    4.208333e-06    0.000000e+00
   -1.704654e-20   -1.237500e-04    0.000000e+00    0.000000e+00    0.000000e+00    8.416667e-06

--- Cross-Section Properties ---
  Elastic Center X    : -2.45049505e-02
  Elastic Center Y    : 4.74283979e-18
  Shear Center X      : -2.45049596e-02
  Shear Center Y      : 5.04150463e-18
  Mass per unit length: 5.05000000e-03
  Mass Center X       : -2.45049505e-02
  Mass Center Y       : 3.37555209e-18
  Ixx                 : 4.20833333e-06
  Iyy                 : 4.20833333e-06
  Ixy                 : -5.37667398e-22
  Area                : 1.00000000e-02
  Area Center X       : 2.11758237e-18
  Area Center Y       : 2.20228566e-18
  Principal Axis (ref): 9.00000000e+01 deg
  Principal Axis (EC) : 9.00000000e+01 deg

  (Stiffness matrix transformed to shear center)
