============================================================
  PcsL Cross-Section Analysis Results
  Title: S2_10000
============================================================

Cross-Section Stiffness Matrix (Ks):
    1.728924e-01    3.643897e-17    0.000000e+00    0.000000e+00    0.000000e+00   -1.105239e-18
   -9.643650e-19    1.750456e-01    0.000000e+00    0.000000e+00    0.000000e+00   -3.469447e-18
    0.000000e+00    0.000000e+00    5.000500e-01   -1.673622e-18   -4.795413e-11    0.000000e+00
    0.000000e+00    0.000000e+00   -2.395183e-18    4.169629e-04   -3.381378e-21    0.000000e+00
    0.000000e+00    0.000000e+00   -4.795413e-11   -3.502159e-22    1.045566e-04    0.000000e+00
    0.000000e+00    2.583885e-34    0.000000e+00    0.000000e+00    0.000000e+00    1.209659e-04

Cross-Section Stiffness Matrix at Origin (Ks_origin):
    1.728924e-01    3.643897e-17    0.000000e+00    0.000000e+00    0.000000e+00   -3.242010e-18
   -9.643650e-19    1.750456e-01    0.000000e+00    0.000000e+00    0.000000e+00   -4.375265e-03
   -0.000000e+00   -0.000000e+00    5.000500e-01    1.872229e-18    1.249875e-02   -0.000000e+00
    0.000000e+00    0.000000e+00    1.150668e-18    4.169629e-04    2.537958e-20    0.000000e+00
    0.000000e+00    0.000000e+00    1.249875e-02    4.644616e-20    4.169628e-04    0.000000e+00
   -1.201875e-18   -4.375265e-03   -0.000000e+00   -0.000000e+00   -0.000000e+00    2.303257e-04

Cross-Section Mass Matrix (Ms):
    5.000500e-03    0.000000e+00    0.000000e+00    0.000000e+00    0.000000e+00   -1.694025e-20
    0.000000e+00    5.000500e-03    0.000000e+00    0.000000e+00    0.000000e+00   -1.249875e-04
    0.000000e+00    0.000000e+00    5.000500e-03    1.694025e-20    1.249875e-04    0.000000e+00
    0.000000e+00    0.000000e+00    1.694025e-20    4.167083e-06    5.359678e-22    0.000000e+00
    0.000000e+00    0.000000e+00    1.249875e-04    5.359678e-22    4.167083e-06    0.000000e+00
   -1.694025e-20   -1.249875e-04    0.000000e+00    0.000000e+00    0.000000e+00    8.334167e-06

--- Cross-Section Properties ---
  Elastic Center X    : -2.49950005e-02
  Elastic Center Y    : 2.30110665e-18
  Shear Center X      : -2.49950006e-02
  Shear Center Y      : 7.09099400e-18
  Mass per unit length: 5.00050000e-03
  Mass Center X       : -2.49950005e-02
  Mass Center Y       : 3.38771030e-18
  Ixx                 : 4.16708333e-06
  Iyy                 : 4.16708333e-06
  Ixy                 : -5.35967800e-22
  Area                : 1.00000000e-02
  Area Center X       : 2.11758237e-18
  Area Center Y       : 2.20228566e-18
  Principal Axis (ref): 9.00000000e+01 deg
  Principal Axis (EC) : 9.00000000e+01 deg

  (Stiffness matrix transformed to shear center)
