============================================================
  PcsL Cross-Section Analysis Results
  Title: Square Abaqus 2x2
============================================================

Cross-Section Stiffness Matrix (Ks):
    2.656325e+08    9.334713e-08    0.000000e+00    0.000000e+00    0.000000e+00   -3.725290e-09
    0.000000e+00    2.656325e+08    0.000000e+00    0.000000e+00    0.000000e+00    0.000000e+00
    0.000000e+00    0.000000e+00    7.000000e+08   -3.725290e-08   -3.725290e-08    0.000000e+00
    0.000000e+00    0.000000e+00    5.215406e-08    6.059531e+05   -4.190951e-10    0.000000e+00
    0.000000e+00    0.000000e+00   -1.266599e-07   -1.117587e-09    6.059531e+05    0.000000e+00
    0.000000e+00   -9.205791e-10    0.000000e+00    0.000000e+00    0.000000e+00    4.487167e+05

Cross-Section Stiffness Matrix at Origin (Ks_origin):
    2.656325e+08    9.334713e-08    0.000000e+00    0.000000e+00    0.000000e+00   -1.328162e+07
    0.000000e+00    2.656325e+08    0.000000e+00    0.000000e+00    0.000000e+00    1.328162e+07
   -0.000000e+00   -0.000000e+00    7.000000e+08    3.500000e+07   -3.500000e+07   -0.000000e+00
    0.000000e+00    0.000000e+00    3.500000e+07    2.355953e+06   -1.750000e+06    0.000000e+00
   -0.000000e+00   -0.000000e+00   -3.500000e+07   -1.750000e+06    2.355953e+06   -0.000000e+00
   -1.328162e+07    1.328162e+07    0.000000e+00    0.000000e+00    0.000000e+00    1.776879e+06

Cross-Section Mass Matrix (Ms):
    1.000000e-02    0.000000e+00    0.000000e+00    0.000000e+00    0.000000e+00   -5.000000e-04
    0.000000e+00    1.000000e-02    0.000000e+00    0.000000e+00    0.000000e+00    5.000000e-04
    0.000000e+00    0.000000e+00    1.000000e-02    5.000000e-04   -5.000000e-04    0.000000e+00
    0.000000e+00    0.000000e+00    5.000000e-04    3.333333e-05   -2.500000e-05    0.000000e+00
    0.000000e+00    0.000000e+00   -5.000000e-04   -2.500000e-05    3.333333e-05    0.000000e+00
   -5.000000e-04    5.000000e-04    0.000000e+00    0.000000e+00    0.000000e+00    6.666667e-05

--- Cross-Section Properties ---
  Elastic Center X    : 5.00000005e-02
  Elastic Center Y    : 5.00000000e-02
  Shear Center X      : 5.00000005e-02
  Shear Center Y      : 5.00000000e-02
  Mass per unit length: 1.00000001e-02
  Mass Center X       : 5.00000005e-02
  Mass Center Y       : 5.00000000e-02
  Ixx                 : 3.33333337e-05
  Iyy                 : 3.33333343e-05
  Ixy                 : 2.50000005e-05
  Area                : 1.00000001e-02
  Area Center X       : 5.00000005e-02
  Area Center Y       : 5.00000000e-02
  Principal Axis (ref): 4.49999996e+01 deg
  Principal Axis (EC) : 5.38029467e-06 deg

  (Stiffness matrix transformed to shear center)
