============================================================
  PcsL Cross-Section Analysis Results
  Title: Square Abaqus 10x10
============================================================

Cross-Section Stiffness Matrix (Ks):
    2.248734e+08    3.135604e-08    0.000000e+00    0.000000e+00    0.000000e+00    1.117587e-08
    5.229915e-08    2.248734e+08    0.000000e+00    0.000000e+00    0.000000e+00   -3.725290e-09
    0.000000e+00    0.000000e+00    7.000000e+08   -8.940697e-08    1.490116e-08    0.000000e+00
    0.000000e+00    0.000000e+00   -7.450581e-08    5.842416e+05   -4.656613e-10    0.000000e+00
    0.000000e+00    0.000000e+00    2.235174e-08    4.656613e-11    5.842416e+05    0.000000e+00
    1.862645e-09    1.567802e-09    0.000000e+00    0.000000e+00    0.000000e+00    3.817712e+05

Cross-Section Stiffness Matrix at Origin (Ks_origin):
    2.248734e+08    3.135604e-08    0.000000e+00    0.000000e+00    0.000000e+00   -1.124367e+07
    5.229915e-08    2.248734e+08    0.000000e+00    0.000000e+00    0.000000e+00    1.124367e+07
    0.000000e+00    0.000000e+00    7.000000e+08    3.500000e+07   -3.500000e+07    0.000000e+00
    0.000000e+00    0.000000e+00    3.500000e+07    2.334242e+06   -1.750000e+06    0.000000e+00
   -0.000000e+00   -0.000000e+00   -3.500000e+07   -1.750000e+06    2.334242e+06   -0.000000e+00
   -1.124367e+07    1.124367e+07   -0.000000e+00   -0.000000e+00   -0.000000e+00    1.506138e+06

Cross-Section Mass Matrix (Ms):
    1.000000e-02    0.000000e+00    0.000000e+00    0.000000e+00    0.000000e+00   -5.000000e-04
    0.000000e+00    1.000000e-02    0.000000e+00    0.000000e+00    0.000000e+00    5.000000e-04
    0.000000e+00    0.000000e+00    1.000000e-02    5.000000e-04   -5.000000e-04    0.000000e+00
    0.000000e+00    0.000000e+00    5.000000e-04    3.333333e-05   -2.500000e-05    0.000000e+00
    0.000000e+00    0.000000e+00   -5.000000e-04   -2.500000e-05    3.333333e-05    0.000000e+00
   -5.000000e-04    5.000000e-04    0.000000e+00    0.000000e+00    0.000000e+00    6.666667e-05

--- Cross-Section Properties ---
  Elastic Center X    : 5.00000000e-02
  Elastic Center Y    : 5.00000000e-02
  Shear Center X      : 5.00000000e-02
  Shear Center Y      : 5.00000000e-02
  Mass per unit length: 1.00000000e-02
  Mass Center X       : 5.00000000e-02
  Mass Center Y       : 5.00000000e-02
  Ixx                 : 3.33333333e-05
  Iyy                 : 3.33333333e-05
  Ixy                 : 2.50000000e-05
  Area                : 1.00000000e-02
  Area Center X       : 5.00000000e-02
  Area Center Y       : 5.00000000e-02
  Principal Axis (ref): 4.50000000e+01 deg
  Principal Axis (EC) : 0.00000000e+00 deg

  (Stiffness matrix transformed to shear center)
