============================================================
  PcsL Cross-Section Analysis Results
  Title: T2
============================================================

Cross-Section Stiffness Matrix (Ks):
    1.790994e+00    9.763135e-15   -8.475203e-01    6.776303e-16    3.919068e-02    2.241215e-15
    9.055071e-15    3.216930e-01   -1.567292e-15   -3.127750e-03   -4.309585e-16   -1.085327e-03
   -8.475203e-01   -2.900279e-15    4.367524e+00    4.475956e-15   -1.313573e-01   -8.021046e-15
    2.396856e-15   -3.127750e-03    5.158754e-15    5.227228e-02   -3.279904e-16    1.813844e-02
    3.919068e-02   -7.976137e-16   -1.313573e-01    2.954164e-16    3.845347e-01    8.641394e-16
    1.836950e-15   -1.085327e-03   -3.426845e-15    1.813844e-02   -1.542723e-16    7.663341e-02

Cross-Section Stiffness Matrix at Origin (Ks_origin):
    1.790994e+00    9.763135e-15   -8.475203e-01    2.382719e-15    2.750303e-03    5.424656e-15
    9.055071e-15    3.216930e-01   -1.567292e-15   -3.127750e-03   -4.983465e-16   -1.491699e-02
   -8.475203e-01   -2.900279e-15    4.367524e+00   -4.310872e-15    5.643087e-02   -9.601433e-15
    4.101944e-15   -3.127750e-03   -3.628074e-15    5.227228e-02   -2.197129e-16    1.827293e-02
    2.750303e-03   -9.223154e-16    5.643087e-02    3.743360e-16    3.813132e-01    5.644523e-16
    5.050835e-15   -1.491699e-02   -5.064545e-15    1.827293e-02   -2.746542e-16    7.732145e-02

Cross-Section Mass Matrix (Ms):
    2.092000e-01    0.000000e+00    0.000000e+00    0.000000e+00    0.000000e+00   -9.215718e-19
    0.000000e+00    2.092000e-01    0.000000e+00    0.000000e+00    0.000000e+00   -5.750000e-04
    0.000000e+00    0.000000e+00    2.092000e-01    9.215718e-19    5.750000e-04    0.000000e+00
    0.000000e+00    0.000000e+00    9.215718e-19    2.922223e-03   -2.439455e-19    0.000000e+00
    0.000000e+00    0.000000e+00    5.750000e-04   -2.439455e-19    1.793761e-02    0.000000e+00
   -9.215718e-19   -5.750000e-04    0.000000e+00    0.000000e+00    0.000000e+00    2.085983e-02

--- Cross-Section Properties ---
  Elastic Center X    : -1.45551057e-02
  Elastic Center Y    : -2.66659666e-16
  Shear Center X      : -4.29964706e-02
  Shear Center Y      : -2.01185550e-15
  Mass per unit length: 2.09200000e-01
  Mass Center X       : -2.74856597e-03
  Mass Center Y       : 4.40521915e-18
  Ixx                 : 2.92222333e-03
  Iyy                 : 1.79376083e-02
  Ixy                 : 2.43945489e-19
  Area                : 2.92000000e-02
  Area Center X       : -1.96917808e-02
  Area Center Y       : 1.81009781e-17
  Principal Axis (ref): -6.51829965e-14 deg
  Principal Axis (EC) : -7.59429011e-14 deg

  (Stiffness matrix transformed to shear center)
