HawtC2_ProjectName: 复合材料叶片截面属性示例 更多消息和教程请访问：http://www.hawtc.cn/
Powered By OpenWECD.HawtC2.HawtC3.PCS @CopyRight 赵子祯
计算时间：01/27/2026 18:31:50
 1  SectionNum  -  总的节点数量

!Section1
刚度矩阵：
4.672881215210120E+09	   3.372898313370270E-06	   0.000000000000000E+00	   0.000000000000000E+00	  0.000000000000000E+00	  -3.710779903403790E-09	
3.357922174117440E-06	   4.672881215210120E+09	   0.000000000000000E+00	   0.000000000000000E+00	  0.000000000000000E+00	  -1.826169593480480E-09	
0.000000000000000E+00	   0.000000000000000E+00	   1.833481746673810E+10	  -2.950969184961830E-06	  5.561423599449340E-07	  -0.000000000000000E+00	
0.000000000000000E+00	   0.000000000000000E+00	  -4.331146452162850E-06	   4.581147861359330E+08	  5.558069596566480E-07	  -0.000000000000000E+00	
0.000000000000000E+00	   0.000000000000000E+00	   1.685092409060300E-06	   6.241585129190430E-07	  4.581147861359530E+08	  -0.000000000000000E+00	
3.386250079326230E-24	  -6.423206740415290E-25	   0.000000000000000E+00	   0.000000000000000E+00	  0.000000000000000E+00	   3.438653931813010E+08	
质量矩阵：
7.032532726968060E+02	   0.000000000000000E+00	   0.000000000000000E+00	   0.000000000000000E+00	  1.243796732275370E-15	  2.567390744445670E-16	
0.000000000000000E+00	   7.032532726968060E+02	   0.000000000000000E+00	  -1.243796732275370E-15	  0.000000000000000E+00	  0.000000000000000E+00	
0.000000000000000E+00	   0.000000000000000E+00	   7.032532726968060E+02	  -2.567390744445670E-16	  0.000000000000000E+00	  0.000000000000000E+00	
0.000000000000000E+00	  -1.243796732275370E-15	  -2.567390744445670E-16	   3.511040102618920E+01	  0.000000000000000E+00	  0.000000000000000E+00	
1.243796732275370E-15	   0.000000000000000E+00	   0.000000000000000E+00	   0.000000000000000E+00	  1.755520051309460E+01	  1.345481343527350E-15	
2.567390744445670E-16	   0.000000000000000E+00	   0.000000000000000E+00	   0.000000000000000E+00	  1.345481343527350E-15	  1.755520051309460E+01	
剪切中心(m): 	2.315220345257640E-18	  7.995073503090460E-18	
弹性中心(m): 	-8.959147096035750E-17	  -2.282301553556180E-16	
质量中心(m): 	-3.650734158122510E-19	  1.768632696874220E-18	
截面面积(m^2): 	0.25116188310600057
