HawtC2_ProjectName: SectionMESH_1_复合材料叶片截面属性示例弦长方向插值新的版本 更多消息和教程请访问：http://www.hawtc.cn/
Powered By OpenWECD.HawtC2.HawtC2.PCS @CopyRight 赵子祯
计算时间：07/21/2025 23:30:59
-------------- 自定义网格 -----------------!（used only pre.SelfMesh is true）!该文件由PcsL自动生成
664                                   FEMNodeNum        -   自定义网格当中的有限元节点数量
578                                   FEMElementNum   -  自定义网格当中的单元数量
Q4                   ElememtType    -    单元类型{0：Q4单元；1：Q8单元}
!BeginNode  (节点编号，从零开始 ； 节点x坐标  ；节点y坐标)
0  0.00000000000000000000  0.00000000000000000000
1  0.00006487872208438272  0.00000000000000000000
2  0.00038100000000002021  0.00000000000000000000
3  0.00089099999999997515  0.00000000000000000000
4  0.00511554249379653214  0.00000000000000000000
5  0.00564768424317618756  0.00000000000000000000
6  0.00898698014888338337  0.00000000000000000000
7  0.01043100000000002359  0.00000000000000000000
8  0.00101851400000002590  0.00704816399999999999
9  0.00108185748388356373  0.00703413361765332229
10  0.00139049832065679668  0.00696577064355976498
11  0.00188843008846517613  0.00685548032391535521
12  0.00601300638673485377  0.00594189965334239369
13  0.00653255595927060284  0.00582682105797922237
14  0.00979283343684689278  0.00510467985635625152
15  0.01120268315687988903  0.00479240257997875022
16  0.00272684200000000709  0.01231097400000000057
17  0.00278528357397450632  0.01228279899315561433
18  0.00307003987703796666  0.01214551640060783540
19  0.00352943861008098159  0.01192403772425611880
20  0.00733482972642673925  0.01008943756794702593
21  0.00781417334498413219  0.00985834335170370640
22  0.01082215042015566286  0.00840818092593362959
23  0.01212289726347309804  0.00778108366073575891
24  0.00779000000000001913  0.02109381453602790502
25  0.00798314364466140569  0.02098247051405631100
26  0.00834099896864515244  0.02077617301394363639
27  0.00946291381160069278  0.02012940821283770720
28  0.01391072450060815147  0.01756532109544614584
29  0.01454742980550477460  0.01719827133006490011
30  0.01854288293479228189  0.01489496064234450620
31  0.02027064645015985711  0.01389893439900595842
32  0.01307144900000001275  0.03025531499999999790
33  0.01336725033122210249  0.03001518467611892158
34  0.01376320486907844920  0.02969375038430960637
35  0.01537806186506079920  0.02838281600864346957
36  0.02007003066642681910  0.02457389471928678876
37  0.02079805462393768956  0.02398288781614678691
38  0.02536655056210984638  0.02027420129756265024
39  0.02734211637321132260  0.01867044496520194399
40  0.03194620100000000740  0.05085030799999999684
41  0.03220368637234088949  0.05056948370790531611
42  0.03254835183137982924  0.05019357717518015127
43  0.03395403196530588641  0.04866048376124153946
44  0.03803823716086807138  0.04420607913861803601
45  0.03867195817557167459  0.04351491655442248085
46  0.04264868428704010617  0.03917773310607854109
47  0.04436834963253999398  0.03730219431760548737
48  0.05854669499999998195  0.07195117599999999169
49  0.05876311597664179986  0.07163761107710615861
50  0.05905281334694967299  0.07121787850315378088
51  0.06023431218187175196  0.06950604540443941493
52  0.06366715836335823386  0.06453231242851879823
53  0.06419981200373292562  0.06376056885603856306
54  0.06754232012781186123  0.05891772359001059417
55  0.06898772904633249103  0.05682352023172822925
56  0.09261240300000000980  0.09272182399999999436
57  0.09279282334170985136  0.09238625060967038671
58  0.09303433088573087595  0.09193705788245752630
59  0.09401929281887677625  0.09010507479164316103
60  0.09688110081323886291  0.08478224587978511195
61  0.09732514996827268394  0.08395633523680813559
62  0.10011164722594101395  0.07877358076999897707
63  0.10131661901304078732  0.07653238964921664500
64  0.13389250600000002223  0.11246069599999999888
65  0.13404110781631550786  0.11210987054455563705
66  0.13424002363343068289  0.11164026166718916955
67  0.13505127989688725521  0.10972501355538256951
68  0.13740838587439557772  0.10416025803224400470
69  0.13777412351986295658  0.10329680912411054461
70  0.14006920039269998846  0.09787849453579142156
71  0.14106166606744036107  0.09553543957868045056
72  0.18213153000000004145  0.13064012399999999636
73  0.18225487784844052186  0.13027964333715510992
74  0.18241998914162865786  0.12979711016641784505
75  0.18309337737544972846  0.12782915174680434256
76  0.18504990763921663754  0.12211124636559431145
77  0.18535349041351018018  0.12122403413539166450
78  0.18725853303875694689  0.11565659994842400482
79  0.18808233525507989103  0.11324906084054610356
80  0.21792999999999995708  0.14121631354527280910
81  0.21803794895502115470  0.14085092604807314398
82  0.21818244755623061870  0.14036182467386887351
83  0.21975351268622922429  0.13504405614451800433
84  0.22346278907251909684  0.12248883303056967708
85  0.22403833468856459987  0.12054071623657322543
86  0.22764999853837317167  0.10831589373088669481
87  0.22921179912207417795  0.10302948399869793494
88  0.23692238100000001522  0.14682736399999998800
89  0.23701218534343923561  0.14645709898693576312
90  0.23713239588190118678  0.14596146865448758612
91  0.23925611539472915745  0.13720533278123656085
92  0.24400325312928577981  0.11763279377044012775
93  0.24473983731103798878  0.11459584320396848378
94  0.24936205036836944782  0.09553837100924564285
95  0.25136084520397222741  0.08729730195206819587
96  0.24943539793343058597  0.14965569376799595092
97  0.24952163286751735671  0.14928458120266968612
98  0.24963706545645239498  0.14878781635144552875
99  0.25167637452763808037  0.14001163731315216521
100  0.25623483009852376924  0.12039429593343760339
101  0.25694213762876300100  0.11735039365877980577
102  0.26138063384252008259  0.09824929810484719916
103  0.26329998355657718845  0.08998936489233580471
104  0.27054785911670581333  0.15442776454501083716
105  0.27062805183325711056  0.15405529960946370838
106  0.27073539641446753290  0.15355672449888882469
107  0.27263181734918473520  0.14474856421206580559
108  0.27687087590914083446  0.12505973533563785605
109  0.27752862456851834505  0.12200474078554662816
110  0.28165612895584402064  0.10283403898481416339
111  0.28344099571793079928  0.09454400577368660130
112  0.27382374994082370190  0.15516821743369860198
113  0.27390300314792581649  0.15479555145837481378
114  0.27400909011806251492  0.15429670723943744726
115  0.27588329325714389118  0.14548379270487754589
116  0.28007268850920818970  0.12578433668644950494
117  0.28072273121837904020  0.12272769318805885896
118  0.28480187922696797997  0.10354664390695786369
119  0.28656583512257399748  0.09525213610972500800
120  0.29493621112409895701  0.15994028821071348823
121  0.29500939864116543232  0.15956638369436521030
122  0.29510736618369537432  0.15906588158586751347
123  0.29683812610172416457  0.15022367766907476772
124  0.30070688356555319576  0.13045875126683215139
125  0.30130717488007485727  0.12739194913142956600
126  0.30507412293696101191  0.10814715237135122394
127  0.30670307344804692562  0.09982507809672275245
128  0.29777288299999998822  0.16058146400000000709
129  0.29784525427167568568  0.16020740063767210937
130  0.29794212920226514907  0.15970668590069778126
131  0.29965358630934602058  0.15086072554748444774
132  0.30347919631340919411  0.13108740240500757479
133  0.30407279270182513420  0.12801929739903736283
134  0.30779772875841293622  0.10876632486557302748
135  0.30940851191801849174  0.10044071512137223157
136  0.36417837699999994205  0.17144800099999998877
137  0.36422900918704392836  0.17107038031513865928
138  0.36429678455552799710  0.17056490380784394834
139  0.36549414939874663721  0.16163481884563760116
140  0.36817061198947070855  0.14167345245952928101
141  0.36858590223753490145  0.13857616993934118721
142  0.37119193160218727501  0.11914010266865678045
143  0.37231886321933421735  0.11073531682187433278
144  0.43561421599999999854  0.17906352400000000169
145  0.43564378023417271724  0.17868367277115140834
146  0.43568335440590000296  0.17817521049631471208
147  0.43638249810641516202  0.16919237697419989286
148  0.43794528990756675935  0.14911310204241379207
149  0.43818777870491526505  0.14599752437797330895
150  0.43970944440603654257  0.12644665141807631681
151  0.44036746200652143735  0.11799221986785059235
152  0.51142668599999996371  0.18290849700000000322
153  0.51143450776610310804  0.18252757729720817115
154  0.51144497784671361096  0.18201768478166002740
155  0.51162994927083194074  0.17300958367364288604
156  0.51204341480709658629  0.15287382825572221057
157  0.51210756971279802752  0.14974948686143213505
158  0.51251015457705562106  0.13014361974398305777
159  0.51268424532916700986  0.12166540693643751458
160  0.59149753100000002082  0.18226441599999998466
161  0.59148447329337483502  0.18188363982388375262
162  0.59146699447348283218  0.18137393943065732715
163  0.59115820198872415236  0.17236923248365695893
164  0.59046795996396939099  0.15224106401389145282
165  0.59036085935188609142  0.14911789983970985540
166  0.58968878159094073599  0.12951942001388555559
167  0.58939815336999135109  0.12104440171082639366
168  0.67620621899999999727  0.17725782099999998209
169  0.67617672978830689612  0.17687796393952365248
170  0.67613725604037133721  0.17636949385857106365
171  0.67543988649350938935  0.16738652242840890150
172  0.67388106044758266933  0.14730693923157583969
173  0.67363918699209501817  0.14419131373554289199
174  0.67212138268421905973  0.12464014062283701456
175  0.67146503487540787347  0.11618557927680203679
176  0.76524684999999992296  0.16877584099999998202
177  0.76520554681866947977  0.16839708639974806936
178  0.76515025909562872641  0.16789009205295418736
179  0.76417350932190875046  0.15893319192626204073
180  0.76199018629829928795  0.13891188576071486493
181  0.76165141348554954437  0.13580530275339933177
182  0.75952554633098245951  0.11631087306589288355
183  0.75860625242630475018  0.10788084941724145061
184  0.85774606999999991608  0.15746090399999998488
185  0.85769589319410577399  0.15708322253613093977
186  0.85762872739094042629  0.15657766467110936781
187  0.85644213153501980162  0.14764614238906181853
188  0.85378974079825609156  0.12768156317036727376
189  0.85337818563180189990  0.12458378213469595286
190  0.85079559465126886053  0.10514458657965126964
191  0.84967879855157890656  0.09673844796125356804
192  0.93717916870770767712  0.14609429103899293501
193  0.93712392553234913350  0.14571731731102730012
194  0.93704997797478251087  0.14521270680902606531
195  0.93574357112443895534  0.13629792127367101884
196  0.93282336757661221682  0.11637075360640680710
197  0.93237025754250302256  0.11327877749120320028
198  0.92952690145646121866  0.09387600897307751824
199  0.92829734206790259776  0.08548562258686100146
200  0.95751614992675404547  0.14311446085354836977
201  0.95745968241508450092  0.14273766857639044736
202  0.95738409598214102569  0.14223330096129715994
203  0.95604873566680692587  0.13332280642798247094
204  0.95306381260900130403  0.11340523041233789570
205  0.95260066044635771654  0.11031474257475649969
206  0.94969428799533639474  0.09092131329636572723
207  0.94843747828678659495  0.08253496550030485490
208  0.96066566249201390537  0.14261675664668296837
209  0.96060904243688660653  0.14223998726183675889
210  0.96053325181191306914  0.14173565028999537962
211  0.95919428410404750096  0.13282569712079783653
212  0.95620129746293625050  0.11290933121317980881
213  0.95573689412363771467  0.10981903114062240012
214  0.95282267028887146498  0.09042678012531010778
215  0.95156246538735089757  0.08204094184841831394
216  0.98096364107259981235  0.13940915257427674567
217  0.98090603812158527752  0.13903253220834518866
218  0.98082893180920371901  0.13852839471064151700
219  0.97946672029046233376  0.12962196558454341933
220  0.97642177689562870135  0.10971347694973593301
221  0.97594931174623167358  0.10662439914517915507
222  0.97298449844073575665  0.08723981810602449150
223  0.97170241701133208689  0.07885729657557923045
224  1.01953999999999989079  0.13331309303303351399
225  1.01948053014091311042  0.13293676294406878147
226  1.01940092481772626165  0.13243301400608448182
227  1.01849599316568006913  0.12670653315760838087
228  1.01642274919732145122  0.11358687726737788648
229  1.01593497148171540978  0.11050018034345450435
230  1.01397505659144893109  0.09809768004591738755
231  1.01308088651216077203  0.09243929930219400848
232  1.04960470699999985911  0.12856209399999998788
233  1.04954250844039798096  0.12818620526754920252
234  1.04945925052597033300  0.12768304712174893822
235  1.04903723371684631793  0.12513264459683534624
236  1.04798836070441447887  0.11879391987927774565
237  1.04747820191502905018  0.11571084300550166235
238  1.04657986405567937638  0.11028185748839344771
239  1.04609383502415287381  0.10734460560082290104
240  1.14696275899999999837  0.11222836399999999712
241  1.14689880401076305105  0.11185277012444862221
242  1.14681319497005218544  0.11135000666898614563
243  1.14637926079765173348  0.10880160474615450938
244  1.14530076858416052232  0.10246785228914909172
245  1.14477620338372632069  0.09938719386107019993
246  1.14385249729642146654  0.09396246698142107778
247  1.14335274325582836319  0.09102751915063532484
248  1.24376878500000009886  0.09550042200000000148
249  1.24370377624836092600  0.09512500907772600267
250  1.24361675665955240255  0.09462248784318599837
251  1.24317567271633011572  0.09207531368712593145
252  1.24207941059060322786  0.08574461269964596399
253  1.24154620232584544937  0.08266543846839595477
254  1.24060727667932835239  0.07724332510875246693
255  1.24009928837859884077  0.07430979127447591426
256  1.33877349700000003452  0.07901326699999999814
257  1.33870890191907898625  0.07863778267872839622
258  1.33862243606272790508  0.07813516587072703856
259  1.33818415887254960062  0.07558750727294784311
260  1.33709487260052517499  0.06925560226270310871
261  1.33656505730425623213  0.06617584240975363241
262  1.33563210633094375801  0.06075269782972380489
263  1.33512735051630082594  0.05781860607278992842
264  1.43064444399999990409  0.06335194699999999179
265  1.43058156026368354929  0.06297617228596655292
266  1.43049738518357516526  0.06247316676324463774
267  1.43007071945504615762  0.05992353785252690912
268  1.42901029210166075067  0.05358673586182408077
269  1.42849451342452615776  0.05050459417847898841
270  1.42758627951313243898  0.04507725543682056940
271  1.42709489640625375451  0.04214089450655375546
272  1.51798808999999979008  0.04902273599999999731
273  1.51792803758308458839  0.04864649843246771077
274  1.51784765245807928835  0.04814287334207016655
275  1.51744019721266720779  0.04559010397347162263
276  1.51642751524965824217  0.03924549674504686919
277  1.51593495933663779951  0.03615955869114034077
278  1.51506761835630054946  0.03072553492616287435
279  1.51459835961106481506  0.02778555718805959460
280  1.59938198100000006363  0.03641923799999999961
281  1.59932565373537238784  0.03604242473157706628
282  1.59925025503468987154  0.03553802901794006486
283  1.59886807492253035790  0.03298135352266530484
284  1.59791821132263134331  0.02662703807701970182
285  1.59745620948021338492  0.02353637806698905335
286  1.59664267111771041030  0.01809403941644115860
287  1.59620252128062878327  0.01514956306376988825
288  1.67340900200000008979  0.02578991599999999954
289  1.67335701489982646706  0.02541247946041280681
290  1.67328742586809831039  0.02490724944679215472
291  1.67293469374260794780  0.02234634506085429392
292  1.67205801964089939560  0.01598151920616063676
293  1.67163161626021139483  0.01288574706387722937
294  1.67088076317643308144  0.00743440646718980264
295  1.67047452804637686086  0.00448505977857697850
296  1.89999999999999991118  0.00000000000000000000
297  1.89670830382878019549  -0.00002209634976230031
298  1.89230209635549373459  -0.00005167414078270230
299  1.86996795994339226610  -0.00020159772550341150
300  1.81445909766076596270  -0.00057421511547647072
301  1.78746027735876511500  -0.00075545158006226718
302  1.73991809453312429312  -0.00107459060308737002
303  1.71419627858725664993  -0.00124725485036228465
304  0.00043760799999997824  -0.00363827200000000012
305  0.00050065430601209382  -0.00362296148473990930
306  0.00080784714495996113  -0.00354836106885513154
307  0.00130344285081179789  -0.00342800785393680349
308  0.00540866857456545613  -0.00243107202905934721
309  0.00592578066455967667  -0.00230549365586306398
310  0.00917076245169151649  -0.00151746424838174795
311  0.01057399781909990066  -0.00117669477487631399
312  0.00151895499999998851  -0.00625481900000000000
313  0.00157633667261403154  -0.00622454372580938300
314  0.00185592861112499063  -0.00607702759018114748
315  0.00230699564963876558  -0.00583903908884882486
316  0.00604337186876119370  -0.00386768117333245775
317  0.00651402207064794014  -0.00361936035483986221
318  0.00946744621752743098  -0.00206109755463512430
319  0.01074460260536719280  -0.00138725418157361648
320  0.00323545299999999925  -0.00894111499999999948
321  0.00328698731520016274  -0.00890170100583358159
322  0.00353808803133942584  -0.00870965649873856225
323  0.00394319004179377597  -0.00839983015846734737
324  0.00729881878196386724  -0.00583340949146105361
325  0.00772150837514107291  -0.00551013198025356379
326  0.01037397011024682181  -0.00348150094192432131
327  0.01152098059029249555  -0.00260425508751167649
328  0.00673962299999997239  -0.01308091099999999889
329  0.00678813889763968392  -0.01303783599268119008
330  0.00702453238796058033  -0.01282795321567242221
331  0.00740590715924643872  -0.01248934830751739777
332  0.01056499329132282172  -0.00968454277200961333
333  0.01096292552261951547  -0.00933123726578578838
334  0.01346002986045252703  -0.00711417455313003485
335  0.01453985876329921823  -0.00615544473144106086
336  0.00779000000000001913  -0.01407095594028655826
337  0.00794291387948642402  -0.01390872368651957340
338  0.00822623174884290487  -0.01360814079219667405
339  0.00911446367275875469  -0.01266578116226216300
340  0.01263584274204981872  -0.00892981380143294257
341  0.01313992910964428829  -0.00839500906177988344
342  0.01630317188357310876  -0.00503900235950900666
343  0.01767106065067747256  -0.00358775621798646579
344  0.01124959599999997284  -0.01733183799999999872
345  0.01146810977340900761  -0.01701972787387373912
346  0.01176060852521637612  -0.01660194266567323329
347  0.01295353248620795261  -0.01489805168381189149
348  0.01641957438422120275  -0.00994739453725815986
349  0.01695737879987613272  -0.00917923149937432611
350  0.02033220906899430025  -0.00435885480404569082
351  0.02179159513131562198  -0.00227436758444412006
352  0.03439273599999997932  -0.03269599799999999695
353  0.03457567936079752879  -0.03236179338192881477
354  0.03482056417446349750  -0.03191443286955006342
355  0.03581929993008653446  -0.03008992226524643751
356  0.03872112778100494923  -0.02478880467127242415
357  0.03917138657117968936  -0.02396626284003266355
358  0.04199685053128449086  -0.01880464834063691471
359  0.04321867278430274739  -0.01657259882738469983
360  0.06595221099999998282  -0.04727600899999999384
361  0.06609324496894858347  -0.04692207338494746444
362  0.06628203059667497898  -0.04644830130180627875
363  0.06705197199784040940  -0.04451607401353305932
364  0.06928903759692200959  -0.03890198547424973674
365  0.06963614931475364811  -0.03803088186524972159
366  0.07181434476649095622  -0.03256453249805280059
367  0.07275626712399896334  -0.03020070574467034752
368  0.10619643400000000621  -0.06130786999999999348
369  0.10630747430878062509  -0.06094341005730957023
370  0.10645611094258145002  -0.06045555029150349868
371  0.10706230909162151033  -0.05846586794025325495
372  0.10882361848918309377  -0.05268484365146430815
373  0.10909691004168459161  -0.05178783764836274867
374  0.11081186919194191409  -0.04615894557769982531
375  0.11155347314880992293  -0.04372483008768342921
376  0.15452226899999998988  -0.07426072100000000176
377  0.15460867099236008659  -0.07388964729341841731
378  0.15472432720260598238  -0.07339293445783676151
379  0.15519601832466112246  -0.07136714583605249795
380  0.15656651740542837370  -0.06548121473799140002
381  0.15677916932337260247  -0.06456793099015421811
382  0.15811360263885643196  -0.05883689281572630075
383  0.15869065488339001435  -0.05635860603759531434
384  0.21040229499999996143  -0.08557149699999999637
385  0.21047545722162575021  -0.08519758753324796485
386  0.21057339090411686389  -0.08469707879822556407
387  0.21097280264761975044  -0.08265580901842470296
388  0.21213329391345780994  -0.07672489739849475132
389  0.21231336020967150890  -0.07580463429957315369
390  0.21344331223167178901  -0.07002979930122030239
391  0.21393194013307725854  -0.06753257335598664146
392  0.21792999999999995708  -0.08666760256013668340
393  0.21798489830152345537  -0.08629057845415692707
394  0.21805838421694867524  -0.08578590051701867614
395  0.21885736191157123542  -0.08029877536645504965
396  0.22074374398399260189  -0.06734370217377268208
397  0.22103644229463392801  -0.06533354310092598372
398  0.22287318273357059617  -0.05271939288699841603
399  0.22366744886932693470  -0.04726462522692163187
400  0.25743663909280395385  -0.09242014556918604073
401  0.25748230776856867452  -0.09204189251625202739
402  0.25754343906683641041  -0.09153556953200965574
403  0.25862342533623294827  -0.08259053014372774726
404  0.26103751229135468970  -0.06259573621697994694
405  0.26141209132485793143  -0.05949326695078893668
406  0.26376264967589752031  -0.04002465181158712526
407  0.26477910734121190561  -0.03160579121085120569
408  0.27638901309493391079  -0.09503203798954881765
409  0.27643285498217501361  -0.09465356885088208050
410  0.27649154097297018451  -0.09414695661802109650
411  0.27752832681035144446  -0.08519680717081042076
412  0.27984584809390955495  -0.06519059075939831471
413  0.28020544362574267838  -0.06208634913647563536
414  0.28246197750710189123  -0.04260661210431121448
415  0.28343777594228425354  -0.03418294203634822392
416  0.27963877593987956915  -0.09534260288006617123
417  0.27968184348078484192  -0.09496404484366967325
418  0.27973949294498878793  -0.09445731361384759883
419  0.28075796681259168608  -0.08550506188699083521
420  0.28303455545782169045  -0.06549414626225218139
421  0.28338779972377720062  -0.06238917549128354667
422  0.28560447814150119461  -0.04290486290930116409
423  0.28656304178159802687  -0.03447921422520067863
424  0.30058284752298530806  -0.09734413148647244607
425  0.30062091927924816659  -0.09696503843539519552
426  0.30067188147267087661  -0.09645759104418942520
427  0.30157221355647179095  -0.08749268713288738120
428  0.30358472056732094257  -0.06745349015468281306
429  0.30389698890937177911  -0.06434413113994154332
430  0.30585653520940914163  -0.04483228145063709869
431  0.30670390658239826687  -0.03639472482823517818
432  0.34328960599999996939  -0.10142542000000000224
433  0.34331747120618183455  -0.10104544035543408520
434  0.34335477108847256567  -0.10053680618554269866
435  0.34401373567560855626  -0.09155093585079489282
436  0.34548671534097136204  -0.07146487274959391345
437  0.34571526854128215023  -0.06834824180663198745
438  0.34714948558387226374  -0.04879075931335734306
439  0.34776968754823556207  -0.04033346958653587222
440  0.41970770099999998859  -0.10547644800000000043
441  0.41972128239489969737  -0.10509569014294045664
442  0.41973946221484420560  -0.10458601427128594308
443  0.42006063903386403613  -0.09558174053872292575
444  0.42077856368814370303  -0.07545454043064089844
445  0.42088995964368608460  -0.07233152651118923693
446  0.42158899154390577779  -0.05273398956384620084
447  0.42189127560886563462  -0.04425937899202218861
448  0.50224094599999991040  -0.10709511500000000461
449  0.50224325701692107415  -0.10671412200898731937
450  0.50224635050413835025  -0.10620413139109632916
451  0.50230100211164385726  -0.09719429714168879852
452  0.50242316452842095131  -0.07705466764301313609
453  0.50244211971970342834  -0.07392972513142617719
454  0.50256106733603900238  -0.05432008588271565463
455  0.50261250414310310042  -0.04584024188327326388
456  0.59018161000000002314  -0.10651050400000000584
457  0.59017502637060448301  -0.10612956088636756047
458  0.59016621363834276259  -0.10561963703347374000
459  0.59001052203505155447  -0.09661098229901618484
460  0.58966250551004761871  -0.07647398936316987528
461  0.58960850592511027113  -0.07334945595083026959
462  0.58926964772971168749  -0.05374238388171675984
463  0.58912311445602583149  -0.04526365001399199756
464  0.68274396699999995164  -0.10397558099999999748
465  0.68273050201489648980  -0.10359481900849328018
466  0.68271247801908874209  -0.10308513760253940061
467  0.68239405409315123663  -0.09408076609735423201
468  0.68168228296458499571  -0.07395334743870504712
469  0.68157184181380203736  -0.07083029960810531545
470  0.68087880150440860394  -0.05123254986152583901
471  0.68057910839764390598  -0.04275784726841039274
472  0.77899980999999995923  -0.09983327699999999805
473  0.77898119468059845438  -0.09945273203566125375
474  0.77895627653651766664  -0.09894334113851489809
475  0.77851605599109008349  -0.08994410195559596199
476  0.77753203359542832906  -0.06982815554671835401
477  0.77737934888905080300  -0.06670688779459607587
478  0.77642122181959072336  -0.04712030839647840530
479  0.77600689660036470396  -0.03865043622431940662
480  0.87788405599999996820  -0.09442980999999998903
481  0.87786166280462019085  -0.09404946864700154674
482  0.87783168766119845650  -0.09354035030046820021
483  0.87730212679408081655  -0.08454592617837913826
484  0.87611840250287664755  -0.06444074284665064767
485  0.87593473128092957936  -0.06132114513504927783
486  0.87478215762896760488  -0.04174504557520837544
487  0.87428374740109215946  -0.03327970522500690864
488  0.93210628959465990917  -0.09101113740521167561
489  0.93208259957238581705  -0.09063087462390820304
490  0.93205088851894801749  -0.09012186145208465893
491  0.93149065990821400263  -0.08112929541653535193
492  0.93023838419010274059  -0.06102826545471924657
493  0.93004407626462615166  -0.05790931219599653595
494  0.92882475517067575321  -0.03833725670685979997
495  0.92829748118410260194  -0.02987366514398985887
496  0.95232402548695449518  -0.08973642378606519476
497  0.95229985198809341540  -0.08935619143347954541
498  0.95226749376127151070  -0.08884721899301056824
499  0.95169583175408378750  -0.07985537254472542534
500  0.95041799903213475265  -0.05975595107208804546
501  0.95021972558347089777  -0.05663724739274386688
502  0.94897552003841534329  -0.03706675806412326746
503  0.94843748520812098945  -0.02860384375985489808
504  0.95546108728752154882  -0.08953863430941012835
505  0.95543683877418184025  -0.08915840673334440858
506  0.95540438013427830821  -0.08864944068664225296
507  0.95483094416264979731  -0.07965770719490428142
508  0.95354914610842134159  -0.05955853821337232790
509  0.95335025738352241476  -0.05643987371152092009
510  0.95210219085703684527  -0.03686963022950296570
511  0.95156248641315122061  -0.02840682223727898637
512  0.97567882317981602380  -0.08826392069026364751
513  0.97565409123741297925  -0.08788372425284612932
514  0.97562098548773967810  -0.08737479988779905948
515  0.97503611724351102463  -0.07838380277196742296
516  0.97372876469758817830  -0.05828627980716728774
517  0.97352591083929573834  -0.05516787070761413475
518  0.97225296230773927686  -0.03559922992609820813
519  0.97170249807787700824  -0.02713711499355078022
520  0.97817838699999992702  -0.08810632499999999923
521  0.97815359529316803222  -0.08772613245500159029
522  0.97812040954386558766  -0.08721721330027931707
523  0.97753412797285543778  -0.07822630823351914287
524  0.97622361622589148844  -0.05812899102546698060
525  0.97602027217379305757  -0.05501061385192363568
526  0.97474424757806499287  -0.03544217341250442688
527  0.97419245315829072762  -0.02698014511437719920
528  1.01953999999999989079  -0.08519266771292453855
529  1.01951322736643956723  -0.08481260952515291829
530  1.01947738998293369050  -0.08430387021868697428
531  1.01907000035919059755  -0.07852066021927443795
532  1.01813665022353405654  -0.06527103498854941455
533  1.01791705841283586231  -0.06215375982638066121
534  1.01703472769989344826  -0.04962839466122499765
535  1.01663218281007794452  -0.04391395939749883487
536  1.07858989100000002281  -0.08103298600000000129
537  1.07856145027294925143  -0.08065304899858420640
538  1.07852338000839331755  -0.08014447191007487148
539  1.07833040986638484249  -0.07756660190742499517
540  1.07785080533457011676  -0.07115961001307659350
541  1.07761753165469253979  -0.06804332883348507277
542  1.07720676037605511688  -0.06255587390326848574
543  1.07698452019697654691  -0.05958698822454551458
544  1.17796674999999995137  -0.07333340699999998935
545  1.17793622078427140387  -0.07295363211011521298
546  1.17789535490494978731  -0.07244527202129306953
547  1.17768821438128967749  -0.06986850194429226890
548  1.17717339103693285907  -0.06346424378543510936
549  1.17692298736461853359  -0.06034929226078959014
550  1.17648205190757915162  -0.05486417871800514795
551  1.17624349195942601298  -0.05189655980351150916
552  1.27517576600000004383  -0.06522990699999998976
553  1.27514320127121294490  -0.06485030123286911197
554  1.27509961068937172080  -0.06434216752883566148
555  1.27487865922328102997  -0.06176654494858418998
556  1.27432951041017861193  -0.05536513875757805708
557  1.27406241125674046799  -0.05225157439462799897
558  1.27359207675162910967  -0.04676890350282596198
559  1.27333761099397069216  -0.04380260613932672464
560  1.36904148500000011346  -0.05694193599999999855
561  1.36900716586812620790  -0.05656248482107520403
562  1.36896122687270427321  -0.05605455804613650173
563  1.36872837179345374636  -0.05347998434582491856
564  1.36814963795358490728  -0.04708118502221943225
565  1.36786814901104913922  -0.04396888860715385261
566  1.36737247554755181334  -0.03848845044291038936
567  1.36710430061658394507  -0.03552336105523190568
568  1.45841592699999988980  -0.04865690999999999766
569  1.45838002671234390206  -0.04827760514985144497
570  1.45833197120918223177  -0.04776987424807779825
571  1.45808838799857065638  -0.04519629338753018005
572  1.45748299065332687086  -0.03879996165007666004
573  1.45718853291336603029  -0.03568886543822831492
574  1.45667002271362178156  -0.03021054071005885300
575  1.45638949239020809578  -0.02724659475775665501
576  1.54219321599999981132  -0.04055354299999999745
577  1.54215583744350404061  -0.04017438097195094593
578  1.54210580315528078543  -0.03966684124936559891
579  1.54185218990051886578  -0.03709422943580376747
580  1.54122186406333971931  -0.03070030615035783395
581  1.54091528141491407311  -0.02759038137961429549
582  1.54037542048174813658  -0.02211411944035750199
583  1.54008333874014624598  -0.01915128952172463067
584  1.61931727499999977837  -0.03279493099999999939
585  1.61927842776104924383  -0.03241591663084506664
586  1.61922642751993395294  -0.03190857456189752361
587  1.61896284926458244868  -0.02933696461294051441
588  1.61830775659356751461  -0.02294553134382424850
589  1.61798912766516655992  -0.01983681768605743273
590  1.61742805445536896869  -0.01436268839385402424
591  1.61712449620505704928  -0.01140101230434140828
592  0.26329998355657718845  0.07782984928201711061
593  0.26329998355657718845  0.06567033367169840263
594  0.26329998355657718845  0.05351081806137970159
595  0.26329998355657718845  0.04135130245106100055
596  0.26329998355657718845  0.02919178684074229951
597  0.26329998355657718845  0.01703227123042359847
598  0.26329998355657718845  0.00487275562010490437
599  0.26329998355657718845  -0.00728675999021380361
600  0.26329998355657718845  -0.01944627560053251158
601  0.28344099571793079928  0.08167131099268311323
602  0.28344099571793079928  0.06879861621167963903
603  0.28344099571793079928  0.05592592143067615790
604  0.28344099571793079928  0.04305322664967266982
605  0.28344099571793079928  0.03018053186866918869
606  0.28344099571793079928  0.01730783708766571449
607  0.28344099571793079928  0.00443514230666222642
608  0.28344099571793079928  -0.00843755247434126165
609  0.28344099571793079928  -0.02131024725534474973
610  0.28656583512257399748  0.08227900107623244141
611  0.28656583512257399748  0.06930586604273986095
612  0.28656583512257399748  0.05633273100924730131
613  0.28656583512257399748  0.04335959597575472779
614  0.28656583512257399748  0.03038646094226216121
615  0.28656583512257399748  0.01741332590876959463
616  0.28656583512257399748  0.00444019087527702805
617  0.28656583512257399748  -0.00853294415821555241
618  0.28656583512257399748  -0.02150607919170811899
619  0.30670307344804692562  0.08620309780422695523
620  0.30670307344804692562  0.07258111751173115800
621  0.30670307344804692562  0.05895913721923536771
622  0.30670307344804692562  0.04533715692673957048
623  0.30670307344804692562  0.03171517663424378020
624  0.30670307344804692562  0.01809319634174798297
625  0.30670307344804692562  0.00447121604925219962
626  0.30670307344804692562  -0.00915076424324361148
627  0.30670307344804692562  -0.02277274453573939483
628  0.92829734206790259776  0.07394969381377591855
629  0.92829734206790259776  0.06241376504069082870
630  0.92829734206790259776  0.05087783626760574579
631  0.92829734206790259776  0.03934190749452065594
632  0.92829734206790259776  0.02780597872143557303
633  0.92829734206790259776  0.01627004994835049012
634  0.92829734206790259776  0.00473412117526540721
635  0.92829734206790259776  -0.00680180759781968958
636  0.92829734206790259776  -0.01833773637090477249
637  0.94843747828678659495  0.07142108457428887613
638  0.94843747828678659495  0.06030720364827289737
639  0.94843747828678659495  0.04919332272225692554
640  0.94843747828678659495  0.03807944179624094677
641  0.94843747828678659495  0.02696556087022497494
642  0.94843747828678659495  0.01585167994420899618
643  0.94843747828678659495  0.00473779901819303129
644  0.94843747828678659495  -0.00637608190782296136
645  0.94843747828678659495  -0.01748996283383892625
646  0.95156246538735089757  0.07099616543984858807
647  0.95156246538735089757  0.05995138903127884833
648  0.95156246538735089757  0.04890661262270912246
649  0.95156246538735089757  0.03786183621413938966
650  0.95156246538735089757  0.02681705980556966379
651  0.95156246538735089757  0.01577228339699993098
652  0.95156246538735089757  0.00472750698843020511
653  0.95156246538735089757  -0.00631726942013953463
654  0.95156246538735089757  -0.01736204582870926050
655  0.97170241701133208689  0.06825785541866623285
656  0.97170241701133208689  0.05765841426175322831
657  0.97170241701133208689  0.04705897310484023072
658  0.97170241701133208689  0.03645953194792722618
659  0.97170241701133208689  0.02586009079101422858
660  0.97170241701133208689  0.01526064963410123099
661  0.97170241701133208689  0.00466120847718823339
662  0.97170241701133208689  -0.00593823267972477808
663  0.97170241701133208689  -0.01653767383663777568

!BeginElement(单元，从零开始 ； 节点编号1  ； 节点编号2 ； 节点编号3 ； 节点编号4；材料编号,从1开始 ；铺层角度(deg) )
0  1  9  8  0  3  0.0000
1  2  10  9  1  3  0.0000
2  3  11  10  2  4  0.0000
3  4  12  11  3  2  20.0000
4  5  13  12  4  2  20.0000
5  6  14  13  5  2  20.0000
6  7  15  14  6  2  20.0000
7  9  17  16  8  3  0.0000
8  10  18  17  9  3  0.0000
9  11  19  18  10  4  0.0000
10  12  20  19  11  2  20.0000
11  13  21  20  12  2  20.0000
12  14  22  21  13  2  20.0000
13  15  23  22  14  2  20.0000
14  17  25  24  16  3  0.0000
15  18  26  25  17  3  0.0000
16  19  27  26  18  4  0.0000
17  20  28  27  19  2  20.0000
18  21  29  28  20  2  20.0000
19  22  30  29  21  2  20.0000
20  23  31  30  22  2  20.0000
21  25  33  32  24  3  0.0000
22  26  34  33  25  3  0.0000
23  27  35  34  26  4  0.0000
24  28  36  35  27  2  20.0000
25  29  37  36  28  2  20.0000
26  30  38  37  29  2  20.0000
27  31  39  38  30  2  20.0000
28  33  41  40  32  3  0.0000
29  34  42  41  33  4  0.0000
30  35  43  42  34  2  20.0000
31  36  44  43  35  2  20.0000
32  37  45  44  36  2  20.0000
33  38  46  45  37  2  20.0000
34  39  47  46  38  2  20.0000
35  41  49  48  40  3  0.0000
36  42  50  49  41  4  0.0000
37  43  51  50  42  2  20.0000
38  44  52  51  43  2  20.0000
39  45  53  52  44  2  20.0000
40  46  54  53  45  2  20.0000
41  47  55  54  46  2  20.0000
42  49  57  56  48  3  0.0000
43  50  58  57  49  4  0.0000
44  51  59  58  50  2  20.0000
45  52  60  59  51  2  20.0000
46  53  61  60  52  2  20.0000
47  54  62  61  53  2  20.0000
48  55  63  62  54  2  20.0000
49  57  65  64  56  3  0.0000
50  58  66  65  57  4  0.0000
51  59  67  66  58  2  20.0000
52  60  68  67  59  2  20.0000
53  61  69  68  60  2  20.0000
54  62  70  69  61  2  20.0000
55  63  71  70  62  2  20.0000
56  65  73  72  64  3  0.0000
57  66  74  73  65  4  0.0000
58  67  75  74  66  2  20.0000
59  68  76  75  67  2  20.0000
60  69  77  76  68  2  20.0000
61  70  78  77  69  2  20.0000
62  71  79  78  70  2  20.0000
63  73  81  80  72  3  0.0000
64  74  82  81  73  4  0.0000
65  75  83  82  74  2  20.0000
66  76  84  83  75  2  20.0000
67  77  85  84  76  2  20.0000
68  78  86  85  77  2  20.0000
69  79  87  86  78  2  20.0000
70  81  89  88  80  3  0.0000
71  82  90  89  81  4  0.0000
72  83  91  90  82  2  20.0000
73  84  92  91  83  2  20.0000
74  85  93  92  84  2  20.0000
75  86  94  93  85  2  20.0000
76  87  95  94  86  2  20.0000
77  89  97  96  88  3  0.0000
78  90  98  97  89  4  0.0000
79  91  99  98  90  2  20.0000
80  92  100  99  91  1  30.0000
81  93  101  100  92  5  0.0000
82  94  102  101  93  1  30.0000
83  95  103  102  94  2  20.0000
84  97  105  104  96  3  0.0000
85  98  106  105  97  4  0.0000
86  99  107  106  98  2  20.0000
87  100  108  107  99  1  30.0000
88  101  109  108  100  5  0.0000
89  102  110  109  101  1  30.0000
90  103  111  110  102  2  20.0000
91  105  113  112  104  3  0.0000
92  106  114  113  105  4  0.0000
93  107  115  114  106  2  20.0000
94  108  116  115  107  1  30.0000
95  109  117  116  108  5  0.0000
96  110  118  117  109  1  30.0000
97  111  119  118  110  2  20.0000
98  113  121  120  112  3  0.0000
99  114  122  121  113  4  0.0000
100  115  123  122  114  2  20.0000
101  116  124  123  115  1  30.0000
102  117  125  124  116  5  0.0000
103  118  126  125  117  1  30.0000
104  119  127  126  118  2  20.0000
105  121  129  128  120  3  0.0000
106  122  130  129  121  4  0.0000
107  123  131  130  122  2  20.0000
108  124  132  131  123  1  30.0000
109  125  133  132  124  5  0.0000
110  126  134  133  125  1  30.0000
111  127  135  134  126  2  20.0000
112  129  137  136  128  3  0.0000
113  130  138  137  129  4  0.0000
114  131  139  138  130  2  20.0000
115  132  140  139  131  1  30.0000
116  133  141  140  132  5  0.0000
117  134  142  141  133  1  30.0000
118  135  143  142  134  2  20.0000
119  137  145  144  136  3  0.0000
120  138  146  145  137  4  0.0000
121  139  147  146  138  2  20.0000
122  140  148  147  139  1  30.0000
123  141  149  148  140  5  0.0000
124  142  150  149  141  1  30.0000
125  143  151  150  142  2  20.0000
126  145  153  152  144  3  0.0000
127  146  154  153  145  4  0.0000
128  147  155  154  146  2  20.0000
129  148  156  155  147  1  30.0000
130  149  157  156  148  5  0.0000
131  150  158  157  149  1  30.0000
132  151  159  158  150  2  20.0000
133  153  161  160  152  3  0.0000
134  154  162  161  153  4  0.0000
135  155  163  162  154  2  20.0000
136  156  164  163  155  1  30.0000
137  157  165  164  156  5  0.0000
138  158  166  165  157  1  30.0000
139  159  167  166  158  2  20.0000
140  161  169  168  160  3  0.0000
141  162  170  169  161  4  0.0000
142  163  171  170  162  2  20.0000
143  164  172  171  163  1  30.0000
144  165  173  172  164  5  0.0000
145  166  174  173  165  1  30.0000
146  167  175  174  166  2  20.0000
147  169  177  176  168  3  0.0000
148  170  178  177  169  4  0.0000
149  171  179  178  170  2  20.0000
150  172  180  179  171  1  30.0000
151  173  181  180  172  5  0.0000
152  174  182  181  173  1  30.0000
153  175  183  182  174  2  20.0000
154  177  185  184  176  3  0.0000
155  178  186  185  177  4  0.0000
156  179  187  186  178  2  20.0000
157  180  188  187  179  1  30.0000
158  181  189  188  180  5  0.0000
159  182  190  189  181  1  30.0000
160  183  191  190  182  2  20.0000
161  185  193  192  184  3  0.0000
162  186  194  193  185  4  0.0000
163  187  195  194  186  2  20.0000
164  188  196  195  187  1  30.0000
165  189  197  196  188  5  0.0000
166  190  198  197  189  1  30.0000
167  191  199  198  190  2  20.0000
168  193  201  200  192  3  0.0000
169  194  202  201  193  4  0.0000
170  195  203  202  194  2  20.0000
171  196  204  203  195  1  30.0000
172  197  205  204  196  5  0.0000
173  198  206  205  197  1  30.0000
174  199  207  206  198  2  20.0000
175  201  209  208  200  3  0.0000
176  202  210  209  201  4  0.0000
177  203  211  210  202  2  20.0000
178  204  212  211  203  1  30.0000
179  205  213  212  204  5  0.0000
180  206  214  213  205  1  30.0000
181  207  215  214  206  2  20.0000
182  209  217  216  208  3  0.0000
183  210  218  217  209  4  0.0000
184  211  219  218  210  2  20.0000
185  212  220  219  211  1  30.0000
186  213  221  220  212  5  0.0000
187  214  222  221  213  1  30.0000
188  215  223  222  214  2  20.0000
189  217  225  224  216  3  0.0000
190  218  226  225  217  4  0.0000
191  219  227  226  218  2  20.0000
192  220  228  227  219  1  30.0000
193  221  229  228  220  5  0.0000
194  222  230  229  221  1  30.0000
195  223  231  230  222  2  20.0000
196  225  233  232  224  3  0.0000
197  226  234  233  225  4  0.0000
198  227  235  234  226  2  20.0000
199  228  236  235  227  1  30.0000
200  229  237  236  228  5  0.0000
201  230  238  237  229  1  30.0000
202  231  239  238  230  2  20.0000
203  233  241  240  232  3  0.0000
204  234  242  241  233  4  0.0000
205  235  243  242  234  2  20.0000
206  236  244  243  235  2  20.0000
207  237  245  244  236  5  0.0000
208  238  246  245  237  2  0.0000
209  239  247  246  238  2  0.0000
210  241  249  248  240  3  0.0000
211  242  250  249  241  4  0.0000
212  243  251  250  242  2  20.0000
213  244  252  251  243  2  20.0000
214  245  253  252  244  5  0.0000
215  246  254  253  245  2  0.0000
216  247  255  254  246  2  0.0000
217  249  257  256  248  3  0.0000
218  250  258  257  249  4  0.0000
219  251  259  258  250  2  20.0000
220  252  260  259  251  2  20.0000
221  253  261  260  252  5  0.0000
222  254  262  261  253  2  0.0000
223  255  263  262  254  2  0.0000
224  257  265  264  256  3  0.0000
225  258  266  265  257  4  0.0000
226  259  267  266  258  2  20.0000
227  260  268  267  259  2  20.0000
228  261  269  268  260  5  0.0000
229  262  270  269  261  2  0.0000
230  263  271  270  262  2  0.0000
231  265  273  272  264  3  0.0000
232  266  274  273  265  4  0.0000
233  267  275  274  266  2  20.0000
234  268  276  275  267  2  20.0000
235  269  277  276  268  5  0.0000
236  270  278  277  269  2  0.0000
237  271  279  278  270  2  0.0000
238  273  281  280  272  3  0.0000
239  274  282  281  273  4  0.0000
240  275  283  282  274  2  20.0000
241  276  284  283  275  2  20.0000
242  277  285  284  276  5  0.0000
243  278  286  285  277  2  0.0000
244  279  287  286  278  2  0.0000
245  281  289  288  280  3  0.0000
246  282  290  289  281  4  0.0000
247  283  291  290  282  2  20.0000
248  284  292  291  283  2  20.0000
249  285  293  292  284  5  0.0000
250  286  294  293  285  2  0.0000
251  287  295  294  286  2  0.0000
252  289  297  296  288  3  0.0000
253  290  298  297  289  4  0.0000
254  291  299  298  290  2  20.0000
255  292  300  299  291  2  20.0000
256  293  301  300  292  5  0.0000
257  294  302  301  293  2  0.0000
258  295  303  302  294  2  0.0000
259  305  1  0  304  3  0.0000
260  306  2  1  305  3  0.0000
261  307  3  2  306  4  0.0000
262  308  4  3  307  2  20.0000
263  309  5  4  308  2  20.0000
264  310  6  5  309  2  20.0000
265  311  7  6  310  2  20.0000
266  313  305  304  312  3  0.0000
267  314  306  305  313  3  0.0000
268  315  307  306  314  4  0.0000
269  316  308  307  315  2  20.0000
270  317  309  308  316  2  20.0000
271  318  310  309  317  2  20.0000
272  319  311  310  318  2  20.0000
273  321  313  312  320  3  0.0000
274  322  314  313  321  3  0.0000
275  323  315  314  322  4  0.0000
276  324  316  315  323  2  20.0000
277  325  317  316  324  2  20.0000
278  326  318  317  325  2  20.0000
279  327  319  318  326  2  20.0000
280  329  321  320  328  3  0.0000
281  330  322  321  329  3  0.0000
282  331  323  322  330  4  0.0000
283  332  324  323  331  2  20.0000
284  333  325  324  332  2  20.0000
285  334  326  325  333  2  20.0000
286  335  327  326  334  2  20.0000
287  337  329  328  336  3  0.0000
288  338  330  329  337  3  0.0000
289  339  331  330  338  4  0.0000
290  340  332  331  339  2  20.0000
291  341  333  332  340  2  20.0000
292  342  334  333  341  2  20.0000
293  343  335  334  342  2  20.0000
294  345  337  336  344  3  0.0000
295  346  338  337  345  3  0.0000
296  347  339  338  346  4  0.0000
297  348  340  339  347  2  20.0000
298  349  341  340  348  2  20.0000
299  350  342  341  349  2  20.0000
300  351  343  342  350  2  20.0000
301  353  345  344  352  3  0.0000
302  354  346  345  353  4  0.0000
303  355  347  346  354  2  20.0000
304  356  348  347  355  2  20.0000
305  357  349  348  356  2  20.0000
306  358  350  349  357  2  20.0000
307  359  351  350  358  2  20.0000
308  361  353  352  360  3  0.0000
309  362  354  353  361  4  0.0000
310  363  355  354  362  2  20.0000
311  364  356  355  363  2  20.0000
312  365  357  356  364  2  20.0000
313  366  358  357  365  2  20.0000
314  367  359  358  366  2  20.0000
315  369  361  360  368  3  0.0000
316  370  362  361  369  4  0.0000
317  371  363  362  370  2  20.0000
318  372  364  363  371  2  20.0000
319  373  365  364  372  2  20.0000
320  374  366  365  373  2  20.0000
321  375  367  366  374  2  20.0000
322  377  369  368  376  3  0.0000
323  378  370  369  377  4  0.0000
324  379  371  370  378  2  20.0000
325  380  372  371  379  2  20.0000
326  381  373  372  380  2  20.0000
327  382  374  373  381  2  20.0000
328  383  375  374  382  2  20.0000
329  385  377  376  384  3  0.0000
330  386  378  377  385  4  0.0000
331  387  379  378  386  2  20.0000
332  388  380  379  387  2  20.0000
333  389  381  380  388  2  20.0000
334  390  382  381  389  2  20.0000
335  391  383  382  390  2  20.0000
336  393  385  384  392  3  0.0000
337  394  386  385  393  4  0.0000
338  395  387  386  394  2  20.0000
339  396  388  387  395  2  20.0000
340  397  389  388  396  2  20.0000
341  398  390  389  397  2  20.0000
342  399  391  390  398  2  20.0000
343  401  393  392  400  3  0.0000
344  402  394  393  401  4  0.0000
345  403  395  394  402  2  20.0000
346  404  396  395  403  2  20.0000
347  405  397  396  404  2  20.0000
348  406  398  397  405  2  20.0000
349  407  399  398  406  2  20.0000
350  409  401  400  408  3  0.0000
351  410  402  401  409  4  0.0000
352  411  403  402  410  2  20.0000
353  412  404  403  411  1  30.0000
354  413  405  404  412  5  0.0000
355  414  406  405  413  1  30.0000
356  415  407  406  414  2  20.0000
357  417  409  408  416  3  0.0000
358  418  410  409  417  4  0.0000
359  419  411  410  418  2  20.0000
360  420  412  411  419  1  30.0000
361  421  413  412  420  5  0.0000
362  422  414  413  421  1  30.0000
363  423  415  414  422  2  20.0000
364  425  417  416  424  3  0.0000
365  426  418  417  425  4  0.0000
366  427  419  418  426  2  20.0000
367  428  420  419  427  1  30.0000
368  429  421  420  428  5  0.0000
369  430  422  421  429  1  30.0000
370  431  423  422  430  2  20.0000
371  433  425  424  432  3  0.0000
372  434  426  425  433  4  0.0000
373  435  427  426  434  2  20.0000
374  436  428  427  435  1  30.0000
375  437  429  428  436  5  0.0000
376  438  430  429  437  1  30.0000
377  439  431  430  438  2  20.0000
378  441  433  432  440  3  0.0000
379  442  434  433  441  4  0.0000
380  443  435  434  442  2  20.0000
381  444  436  435  443  1  30.0000
382  445  437  436  444  5  0.0000
383  446  438  437  445  1  30.0000
384  447  439  438  446  2  20.0000
385  449  441  440  448  3  0.0000
386  450  442  441  449  4  0.0000
387  451  443  442  450  2  20.0000
388  452  444  443  451  1  30.0000
389  453  445  444  452  5  0.0000
390  454  446  445  453  1  30.0000
391  455  447  446  454  2  20.0000
392  457  449  448  456  3  0.0000
393  458  450  449  457  4  0.0000
394  459  451  450  458  2  20.0000
395  460  452  451  459  1  30.0000
396  461  453  452  460  5  0.0000
397  462  454  453  461  1  30.0000
398  463  455  454  462  2  20.0000
399  465  457  456  464  3  0.0000
400  466  458  457  465  4  0.0000
401  467  459  458  466  2  20.0000
402  468  460  459  467  1  30.0000
403  469  461  460  468  5  0.0000
404  470  462  461  469  1  30.0000
405  471  463  462  470  2  20.0000
406  473  465  464  472  3  0.0000
407  474  466  465  473  4  0.0000
408  475  467  466  474  2  20.0000
409  476  468  467  475  1  30.0000
410  477  469  468  476  5  0.0000
411  478  470  469  477  1  30.0000
412  479  471  470  478  2  20.0000
413  481  473  472  480  3  0.0000
414  482  474  473  481  4  0.0000
415  483  475  474  482  2  20.0000
416  484  476  475  483  1  30.0000
417  485  477  476  484  5  0.0000
418  486  478  477  485  1  30.0000
419  487  479  478  486  2  20.0000
420  489  481  480  488  3  0.0000
421  490  482  481  489  4  0.0000
422  491  483  482  490  2  20.0000
423  492  484  483  491  1  30.0000
424  493  485  484  492  5  0.0000
425  494  486  485  493  1  30.0000
426  495  487  486  494  2  20.0000
427  497  489  488  496  3  0.0000
428  498  490  489  497  4  0.0000
429  499  491  490  498  2  20.0000
430  500  492  491  499  1  30.0000
431  501  493  492  500  5  0.0000
432  502  494  493  501  1  30.0000
433  503  495  494  502  2  20.0000
434  505  497  496  504  3  0.0000
435  506  498  497  505  4  0.0000
436  507  499  498  506  2  20.0000
437  508  500  499  507  1  30.0000
438  509  501  500  508  5  0.0000
439  510  502  501  509  1  30.0000
440  511  503  502  510  2  20.0000
441  513  505  504  512  3  0.0000
442  514  506  505  513  4  0.0000
443  515  507  506  514  2  20.0000
444  516  508  507  515  1  30.0000
445  517  509  508  516  5  0.0000
446  518  510  509  517  1  30.0000
447  519  511  510  518  2  20.0000
448  521  513  512  520  3  0.0000
449  522  514  513  521  4  0.0000
450  523  515  514  522  2  20.0000
451  524  516  515  523  1  30.0000
452  525  517  516  524  5  0.0000
453  526  518  517  525  1  30.0000
454  527  519  518  526  2  20.0000
455  529  521  520  528  3  0.0000
456  530  522  521  529  4  0.0000
457  531  523  522  530  2  20.0000
458  532  524  523  531  1  30.0000
459  533  525  524  532  5  0.0000
460  534  526  525  533  1  30.0000
461  535  527  526  534  2  20.0000
462  537  529  528  536  3  0.0000
463  538  530  529  537  4  0.0000
464  539  531  530  538  2  20.0000
465  540  532  531  539  1  30.0000
466  541  533  532  540  5  0.0000
467  542  534  533  541  1  30.0000
468  543  535  534  542  2  20.0000
469  545  537  536  544  3  0.0000
470  546  538  537  545  4  0.0000
471  547  539  538  546  2  20.0000
472  548  540  539  547  2  20.0000
473  549  541  540  548  5  0.0000
474  550  542  541  549  2  0.0000
475  551  543  542  550  2  0.0000
476  553  545  544  552  3  0.0000
477  554  546  545  553  4  0.0000
478  555  547  546  554  2  20.0000
479  556  548  547  555  2  20.0000
480  557  549  548  556  5  0.0000
481  558  550  549  557  2  0.0000
482  559  551  550  558  2  0.0000
483  561  553  552  560  3  0.0000
484  562  554  553  561  4  0.0000
485  563  555  554  562  2  20.0000
486  564  556  555  563  2  20.0000
487  565  557  556  564  5  0.0000
488  566  558  557  565  2  0.0000
489  567  559  558  566  2  0.0000
490  569  561  560  568  3  0.0000
491  570  562  561  569  4  0.0000
492  571  563  562  570  2  20.0000
493  572  564  563  571  2  20.0000
494  573  565  564  572  5  0.0000
495  574  566  565  573  2  0.0000
496  575  567  566  574  2  0.0000
497  577  569  568  576  3  0.0000
498  578  570  569  577  4  0.0000
499  579  571  570  578  2  20.0000
500  580  572  571  579  2  20.0000
501  581  573  572  580  5  0.0000
502  582  574  573  581  2  0.0000
503  583  575  574  582  2  0.0000
504  585  577  576  584  3  0.0000
505  586  578  577  585  4  0.0000
506  587  579  578  586  2  20.0000
507  588  580  579  587  2  20.0000
508  589  581  580  588  5  0.0000
509  590  582  581  589  2  0.0000
510  591  583  582  590  2  0.0000
511  297  585  584  296  3  0.0000
512  298  586  585  297  4  0.0000
513  299  587  586  298  2  20.0000
514  300  588  587  299  2  20.0000
515  301  589  588  300  5  0.0000
516  302  590  589  301  2  0.0000
517  303  591  590  302  2  0.0000
518  592  601  111  103  1  0.0000
519  593  602  601  592  1  0.0000
520  594  603  602  593  1  0.0000
521  595  604  603  594  1  0.0000
522  596  605  604  595  1  0.0000
523  597  606  605  596  1  0.0000
524  598  607  606  597  1  0.0000
525  599  608  607  598  1  0.0000
526  600  609  608  599  1  0.0000
527  407  415  609  600  1  0.0000
528  601  610  119  111  5  0.0000
529  602  611  610  601  5  0.0000
530  603  612  611  602  5  0.0000
531  604  613  612  603  5  0.0000
532  605  614  613  604  5  0.0000
533  606  615  614  605  5  0.0000
534  607  616  615  606  5  0.0000
535  608  617  616  607  5  0.0000
536  609  618  617  608  5  0.0000
537  415  423  618  609  5  0.0000
538  610  619  127  119  1  0.0000
539  611  620  619  610  1  0.0000
540  612  621  620  611  1  0.0000
541  613  622  621  612  1  0.0000
542  614  623  622  613  1  0.0000
543  615  624  623  614  1  0.0000
544  616  625  624  615  1  0.0000
545  617  626  625  616  1  0.0000
546  618  627  626  617  1  0.0000
547  423  431  627  618  1  0.0000
548  628  637  207  199  1  0.0000
549  629  638  637  628  1  0.0000
550  630  639  638  629  1  0.0000
551  631  640  639  630  1  0.0000
552  632  641  640  631  1  0.0000
553  633  642  641  632  1  0.0000
554  634  643  642  633  1  0.0000
555  635  644  643  634  1  0.0000
556  636  645  644  635  1  0.0000
557  495  503  645  636  1  0.0000
558  637  646  215  207  5  0.0000
559  638  647  646  637  5  0.0000
560  639  648  647  638  5  0.0000
561  640  649  648  639  5  0.0000
562  641  650  649  640  5  0.0000
563  642  651  650  641  5  0.0000
564  643  652  651  642  5  0.0000
565  644  653  652  643  5  0.0000
566  645  654  653  644  5  0.0000
567  503  511  654  645  5  0.0000
568  646  655  223  215  1  0.0000
569  647  656  655  646  1  0.0000
570  648  657  656  647  1  0.0000
571  649  658  657  648  1  0.0000
572  650  659  658  649  1  0.0000
573  651  660  659  650  1  0.0000
574  652  661  660  651  1  0.0000
575  653  662  661  652  1  0.0000
576  654  663  662  653  1  0.0000
577  511  519  663  654  1  0.0000
