HawtC2_ProjectName: Section Failure Analysis for SectionMESH_1_复合材料叶片截面属性示例弦长方向插值新的版本 更多消息和教程请访问：http://www.hawtc.cn/
Powered By OpenWECD.HawtC2.HawtC2 @CopyRight 赵子祯
计算时间：11/06/2025 08:58:24
Force:0_0_0_30000_40000_0
!Elements578
Tsai_Wu失效准则	
1.894365460084210E-07	
1.906055795431790E-07	
1.931955229116950E-07	
2.131262959599560E-07	
2.561176776433570E-07	
3.162278393273890E-07	
4.008415731002880E-07	
1.718274307578980E-07	
1.742754986017550E-07	
1.797554825844510E-07	
1.988409886535740E-07	
2.407863520949920E-07	
3.016015188166240E-07	
4.462591385925620E-07	
1.805748885158670E-07	
1.803444165870780E-07	
1.797861541524520E-07	
1.718630782794570E-07	
1.795633649098880E-07	
1.926292712714650E-07	
2.060108279687240E-07	
1.228163792127550E-07	
1.236812663411480E-07	
1.243780265539120E-07	
1.109994261552700E-07	
1.101094940251520E-07	
9.890161547053520E-08	
7.864250134152680E-08	
9.061452052787200E-08	
9.031851482686420E-08	
7.776650063826720E-08	
7.511677695651020E-08	
7.254697207794280E-08	
6.906535558407640E-08	
6.472709647448830E-08	
8.929624743308060E-08	
8.860426102084260E-08	
7.307030733747570E-08	
6.893635089222170E-08	
6.569302448254230E-08	
6.287778429916410E-08	
5.971141340606490E-08	
9.687962753106050E-08	
9.600820807244430E-08	
7.849457004125350E-08	
7.254158047911730E-08	
6.770108973537650E-08	
6.319116768219290E-08	
5.796819933988540E-08	
1.104454528931980E-07	
1.093474948235690E-07	
9.118679006018170E-08	
8.351646520152330E-08	
7.722057643878470E-08	
7.142645740084850E-08	
6.469583966948890E-08	
1.261122307114640E-07	
1.248819238917770E-07	
1.077443052001260E-07	
9.927515035178230E-08	
9.260408967709420E-08	
8.640057660603960E-08	
7.911253563066430E-08	
1.143405624810310E-07	
1.133009961544440E-07	
1.064335565136340E-07	
9.324496641786110E-08	
8.239615531011210E-08	
7.082826667010980E-08	
5.836993433047560E-08	
1.330040492027440E-07	
1.316901424959000E-07	
1.179947755343090E-07	
8.923107477183320E-08	
7.202703688671850E-08	
6.007960752799950E-08	
5.006806198929390E-08	
1.828235370314950E-07	
1.813111646974500E-07	
1.590680740865740E-07	
1.552543489349510E-07	
1.283120529335880E-07	
7.689951359899230E-08	
4.345679447223290E-08	
2.173649194211340E-07	
2.157503259362310E-07	
1.776189566841610E-07	
1.572257747673720E-07	
1.568405999093880E-07	
9.792919187694180E-08	
5.994514275496540E-08	
2.293867803492950E-07	
2.272288741734990E-07	
1.867336761592940E-07	
1.629154995633750E-07	
1.915857694754880E-07	
1.201565274559220E-07	
9.455987663648950E-08	
2.340955936808520E-07	
2.323946224994650E-07	
1.930303189371250E-07	
1.699953255591520E-07	
2.676628727258050E-07	
1.428221366887280E-07	
9.253942304455990E-08	
2.350845184638100E-07	
2.337633225367870E-07	
1.985185969661920E-07	
1.776328549352160E-07	
4.768348417313770E-07	
1.628508733255270E-07	
1.881898062341310E-07	
2.594429399439160E-07	
2.576731471256700E-07	
2.157295038954020E-07	
1.920113632503680E-07	
3.628896753150850E-06	
1.976835780370760E-07	
1.317705170290110E-07	
2.898678031661310E-07	
2.879148833613260E-07	
2.434446880466180E-07	
2.183199360340530E-07	
2.472287259018800E-05	
2.241282844781310E-07	
1.469208076048790E-07	
3.098691985712120E-07	
3.078826748458930E-07	
2.619263433404080E-07	
2.362229722049740E-07	
7.058750657895260E-05	
2.406920253373040E-07	
1.602299790920440E-07	
3.169378989447970E-07	
3.149177745876110E-07	
2.685093965103620E-07	
2.426101518291150E-07	
1.454733327303130E-04	
2.475769596402500E-07	
1.651716758184900E-07	
3.099229430053030E-07	
3.079329765852630E-07	
2.620005927884510E-07	
2.359377608356550E-07	
2.574613992315040E-04	
2.428322050985620E-07	
1.610429683487850E-07	
2.903367849392060E-07	
2.883939645979110E-07	
2.440357820280710E-07	
2.181562084441060E-07	
4.168178532005900E-04	
2.280543777372720E-07	
1.496483946019190E-07	
2.613489378270850E-07	
2.595103174710300E-07	
2.177585108860560E-07	
1.926094759881680E-07	
6.345451178127330E-04	
2.068742465794240E-07	
1.329140768948090E-07	
2.295725818398000E-07	
2.278704003573320E-07	
1.891419961694840E-07	
1.648787569175530E-07	
8.877478788246590E-04	
1.818029114746860E-07	
1.186270424394180E-07	
2.109155002123230E-07	
2.092645015231600E-07	
1.723662640689000E-07	
1.482923839536830E-07	
1.039051274978250E-03	
1.329353805201040E-07	
8.275836637217710E-08	
2.046697265617390E-07	
2.034326583278100E-07	
1.681861642942540E-07	
1.446139079178900E-07	
1.062703078996110E-03	
1.156833905701220E-07	
9.575572784346940E-08	
2.048784626432210E-07	
2.032328987078940E-07	
1.660640940869690E-07	
1.401240924298390E-07	
1.083765360303710E-03	
1.002918919155180E-07	
4.988647677745690E-08	
2.079992694368000E-07	
2.063951453403390E-07	
1.685241400535080E-07	
1.486170566202830E-07	
1.188536037289570E-03	
9.208054462705450E-08	
5.221838952491110E-08	
2.560002480025150E-07	
2.538692924811570E-07	
2.061296483898120E-07	
2.215877050956620E-07	
1.210512498723570E-03	
1.243218955842710E-07	
9.447697098518580E-08	
2.342691651596010E-07	
2.325619066199760E-07	
1.926961802287620E-07	
1.786945039545280E-07	
8.776657564942030E-04	
9.407252985443930E-08	
8.477929820894120E-08	
2.159085094629000E-07	
2.142722265358350E-07	
1.755857474148940E-07	
1.621960442755360E-07	
6.002122693718500E-04	
7.768589860656140E-08	
6.810044405947360E-08	
2.007950629641050E-07	
1.992493253211650E-07	
1.625434204522410E-07	
1.500422611553800E-07	
3.878338160502760E-04	
6.451939638490140E-08	
5.609563530745190E-08	
1.914252002449530E-07	
1.899422172540190E-07	
1.553993460140790E-07	
1.437280427669780E-07	
2.303925656274020E-04	
5.512059922713350E-08	
4.745298550354430E-08	
1.871588339197930E-07	
1.856966648975100E-07	
1.533173861861610E-07	
1.421417707537780E-07	
1.223059600372800E-04	
4.919816828088050E-08	
4.226197313617480E-08	
1.860510734070710E-07	
1.848432933313260E-07	
1.554281346998960E-07	
1.456778317100860E-07	
5.820533133306360E-05	
4.604618575248930E-08	
4.008453867601240E-08	
1.937033220100480E-07	
1.916864530813080E-07	
1.614112203262610E-07	
1.474229611566220E-07	
3.424583365936970E-05	
4.569781975713870E-08	
3.897657233378190E-08	
7.155241848551180E-09	
6.880282498549480E-09	
5.594226705662210E-09	
3.273850149955100E-09	
3.271654024564910E-05	
3.865375504487270E-09	
3.034883764777550E-09	
1.262128363131370E-07	
1.298065970205870E-07	
1.381434903747510E-07	
1.768859357476810E-07	
2.469183574833540E-07	
3.308661736489320E-07	
6.357786690331750E-07	
1.288427691871430E-07	
1.318409161951520E-07	
1.389380903249410E-07	
1.758243107675870E-07	
2.546784501089760E-07	
3.228735390863580E-07	
6.345322084325670E-07	
1.572778883752570E-07	
1.597256895715310E-07	
1.646454916123940E-07	
1.980860180443010E-07	
2.600162265039630E-07	
3.501300604296660E-07	
5.126942671769270E-07	
1.815838070640810E-07	
1.823518447726730E-07	
1.850813894856410E-07	
2.111848942772940E-07	
2.466088181340440E-07	
3.364044782491550E-07	
5.076332615975780E-07	
1.539175742968710E-07	
1.509584895991900E-07	
1.425299081063240E-07	
1.575155735402700E-07	
1.647783693490870E-07	
1.612348844025490E-07	
1.146139626694170E-07	
1.705860694392070E-07	
1.739087565457950E-07	
1.793126469422010E-07	
1.840950290512160E-07	
1.784963896114470E-07	
1.171428217401260E-07	
3.874219144378440E-08	
1.433728318770250E-07	
1.426756205649630E-07	
1.427136720305030E-07	
1.322451585163850E-07	
1.224702512737560E-07	
1.099833738912680E-07	
9.506167435847240E-08	
1.549324603188960E-07	
1.539304885475060E-07	
1.582620238388850E-07	
1.490085781085620E-07	
1.415005565623330E-07	
1.348750668591640E-07	
1.267510050323720E-07	
1.830055202961050E-07	
1.817005091492850E-07	
1.896361361312540E-07	
1.770599234060070E-07	
1.665903228166330E-07	
1.567067514361770E-07	
1.450067389896080E-07	
2.102524353312150E-07	
2.087579273781700E-07	
2.208872755344190E-07	
2.061069247838980E-07	
1.937114417325450E-07	
1.816183744690810E-07	
1.669848164860180E-07	
2.285260377573130E-07	
2.269626956794810E-07	
2.438360261874910E-07	
2.302086052622800E-07	
2.191326166623680E-07	
2.101143534070970E-07	
1.999265087249190E-07	
1.642105938802630E-07	
1.626227800748690E-07	
1.767412126660890E-07	
1.521606515848420E-07	
1.291716239809760E-07	
1.166847189190080E-07	
1.033347505251710E-07	
1.709789441500920E-07	
1.694636779201190E-07	
1.823886196742490E-07	
1.388303229659610E-07	
1.060494899846940E-07	
7.205449857587230E-08	
4.266904211832730E-08	
1.249957083256960E-07	
1.238258088547330E-07	
1.340995825700080E-07	
8.405110005108370E-08	
9.351859629500280E-08	
5.281147242551090E-08	
4.316839713221350E-08	
1.207282684787750E-07	
1.203348952357710E-07	
1.339348558846710E-07	
8.520493731516570E-08	
2.764192722162010E-07	
5.691070080009250E-08	
4.621272764088360E-08	
1.261884417534250E-07	
1.250853143110930E-07	
1.364693252456170E-07	
8.674446683569890E-08	
8.977760503925640E-07	
6.153242413468570E-08	
4.910118146892620E-08	
1.310554838681300E-07	
1.299826801688080E-07	
1.418532171560250E-07	
9.130369307518750E-08	
6.034303394734370E-06	
7.247658981147280E-08	
6.195437667274920E-08	
1.363959509038580E-07	
1.353397239154850E-07	
1.480454927811340E-07	
9.778326430663180E-08	
3.321355156482180E-05	
7.563133646812900E-08	
6.562603741259460E-08	
1.403868319361910E-07	
1.393230640984180E-07	
1.523393698871400E-07	
1.015463195813830E-07	
1.066492550949810E-04	
7.804803696986790E-08	
6.874997369888140E-08	
1.393894090533620E-07	
1.383391474939120E-07	
1.512776864992120E-07	
1.011481979623870E-07	
2.335953747787260E-04	
7.801740802958270E-08	
6.876980806601920E-08	
1.343586820712460E-07	
1.333269653896720E-07	
1.457160539798960E-07	
9.688526514760270E-08	
4.254132890402580E-04	
7.568669759086210E-08	
6.646439090456140E-08	
1.261828671121530E-07	
1.251772990158990E-07	
1.366011809033400E-07	
8.949654522807650E-08	
6.937713175261700E-04	
7.167326275743110E-08	
6.253323399756700E-08	
1.155530439024750E-07	
1.145860145582670E-07	
1.248162778801680E-07	
8.001153338346900E-08	
1.051290309625730E-03	
6.692879461363300E-08	
5.744832153133420E-08	
1.082869153834190E-07	
1.072892138324360E-07	
1.162016107819700E-07	
7.123277500413770E-08	
1.388356516625680E-03	
6.366964286011590E-08	
5.397832705663350E-08	
1.060064758457590E-07	
1.049530613239670E-07	
1.127926702580420E-07	
6.646675115261140E-08	
1.556673606225460E-03	
5.208945170730720E-08	
3.892430987711680E-08	
1.063600567523510E-07	
1.048807671687110E-07	
1.114657377469230E-07	
6.509007879703740E-08	
1.600866706125070E-03	
4.703574932851010E-08	
3.530691261681170E-08	
1.007296942061310E-07	
9.982705240879850E-08	
1.082738795458200E-07	
6.470500218949320E-08	
1.632740150765030E-03	
4.052668298972100E-08	
2.966704926196630E-08	
9.942585276404630E-08	
9.846246888772820E-08	
1.069564210121380E-07	
6.385831921393200E-08	
1.662433666873700E-03	
3.750207805036780E-08	
3.280098462591780E-08	
1.002891387577010E-07	
9.935934352289740E-08	
1.103946452379530E-07	
6.807568973514310E-08	
1.778524478240210E-03	
3.994427680539990E-08	
3.146171704148380E-08	
1.222754767059340E-07	
1.209277593062270E-07	
1.392580499834730E-07	
9.216830035347480E-08	
1.694136491835080E-03	
5.429128740654750E-08	
5.315974975610490E-08	
3.517957017951480E-07	
3.497023002202140E-07	
3.552572174431770E-07	
3.344396185133430E-07	
1.243467058958360E-03	
8.228340417084080E-08	
7.277399247834100E-08	
3.227678505114680E-07	
3.208130326663890E-07	
3.223760718480670E-07	
3.016788840193670E-07	
7.023836773881510E-04	
7.605033588430040E-08	
6.677386676756310E-08	
2.966181977877100E-07	
2.947715231235460E-07	
2.931907589630930E-07	
2.741032241686460E-07	
3.523496654587500E-04	
6.964005782068430E-08	
6.082552918738390E-08	
2.755069370900270E-07	
2.737105869345100E-07	
2.687260614232410E-07	
2.504157513204370E-07	
1.456794374592300E-04	
6.363839016701950E-08	
5.525240487353880E-08	
2.569306281674120E-07	
2.553947997862050E-07	
2.481279451324100E-07	
2.319047201888040E-07	
4.598596748170330E-05	
5.814389499257090E-08	
5.048208498932190E-08	
2.480273657916620E-07	
2.458088457300660E-07	
2.325779329740030E-07	
2.128134059381250E-07	
2.555385724255430E-05	
5.402024367260250E-08	
4.579029277203820E-08	
1.613386827889980E-08	
1.567409715300850E-08	
1.496840206639390E-08	
1.084982026564180E-08	
3.879159191303850E-05	
7.909021518049940E-09	
5.590096640509810E-09	
1.162048441111260E-07	
1.029673558935260E-07	
9.454480333099570E-08	
8.863917671551500E-08	
8.509385962704980E-08	
8.390407204623330E-08	
8.507011857715390E-08	
8.859955698758390E-08	
9.461150001765080E-08	
1.080086126010800E-07	
3.846301477601450E-07	
8.412847096628780E-07	
9.451007907696780E-07	
1.016577985597830E-06	
1.028776993907090E-06	
9.580666773187280E-07	
8.045173139215770E-07	
5.948818148666320E-07	
3.887281062534290E-07	
1.510383164725800E-07	
1.022555826324490E-07	
7.641754593776340E-08	
6.649678273954190E-08	
5.967077074432800E-08	
5.550652622990480E-08	
5.400362833644480E-08	
5.516183906188570E-08	
5.898571418902310E-08	
6.541647992431370E-08	
7.632041473194190E-08	
8.203938969045130E-08	
5.691338964824440E-08	
4.889388402880230E-08	
4.338694429972050E-08	
3.983871304663730E-08	
3.822271135050620E-08	
3.853720877513770E-08	
4.078526999626360E-08	
4.498298232306230E-08	
5.382103303506260E-08	
4.435942594798230E-07	
9.097476064217010E-07	
7.898181873028980E-07	
6.311729687903540E-07	
4.870957126022170E-07	
3.587334755619160E-07	
2.464060030513450E-07	
1.550823383965110E-07	
9.526180324338120E-08	
5.870759531486360E-08	
8.298723479313390E-08	
7.140825977000960E-08	
6.434918723877010E-08	
5.928281209457400E-08	
5.599405944410890E-08	
5.446643992599670E-08	
5.469893139428270E-08	
5.669080708385510E-08	
6.040072748523690E-08	
6.627852162966380E-08	
