HawtC2_ProjectName: 复合材料叶片截面属性示例弦长方向插值新的版本 更多消息和教程请访问：http://www.hawtc.cn/
Powered By OpenWECD.HawtC2.HawtC2.PCS @CopyRight 赵子祯
计算时间：07/21/2025 23:30:59
1  SectionNum  -  总的节点数量

!Section1
刚度矩阵：
 7.378124638469260E+08	  -1.026500145051790E+07	  -3.699705169161450E+06	   2.603859174055060E+07	   4.003890665306840E+06	  -3.593207888267890E+05	
-1.026500145051920E+07	   4.305798668747110E+07	   2.543696898680750E+07	  -3.984838144327570E+05	  -5.509317820428860E+06	  -3.519097732589100E+05	
-3.699705169400470E+06	   2.543696898681050E+07	   2.415348352578950E+09	  -2.794375526821320E+07	  -6.954880536853550E+08	  -3.121569413682080E+07	
 2.603859174052590E+07	  -3.984838144314330E+05	  -2.794375526816550E+07	   2.022860401818270E+07	   1.492145862097550E+07	  -1.338407946766540E+04	
 4.003890665367150E+06	  -5.509317820429450E+06	  -6.954880536853610E+08	   1.492145862099040E+07	   5.574676504288740E+08	   4.042860804919660E+06	
-3.593207888161790E+05	  -3.519097732583270E+05	  -3.121569413682320E+07	  -1.338407946704920E+04	   4.042860804919860E+06	   2.037964591468530E+07	
质量矩阵：
 2.598408545799300E+02	   0.000000000000000E+00	  0.000000000000000E+00	   0.000000000000000E+00	  7.054032377111110E+00	  -1.953731229122240E+02	
 0.000000000000000E+00	   2.598408545799300E+02	  0.000000000000000E+00	  -7.054032377111110E+00	  0.000000000000000E+00	   0.000000000000000E+00	
 0.000000000000000E+00	   0.000000000000000E+00	  2.598408545799300E+02	   1.953731229122240E+02	  0.000000000000000E+00	   0.000000000000000E+00	
 0.000000000000000E+00	  -7.054032377111110E+00	  1.953731229122240E+02	   4.980267342732380E+01	  0.000000000000000E+00	   0.000000000000000E+00	
 7.054032377111110E+00	   0.000000000000000E+00	  0.000000000000000E+00	   0.000000000000000E+00	  2.196539070213740E+00	   9.388994630827750E-01	
-1.953731229122240E+02	   0.000000000000000E+00	  0.000000000000000E+00	   0.000000000000000E+00	  9.388994630827750E-01	   4.760613435711010E+01	
气动中心(m): 	0.475
剪切中心(m): 	4.158611600188370E-01	  4.047497026745580E-02	
弹性中心(m): 	7.074538738953140E-01	  2.866377896350640E-02	
质量中心(m): 	7.518953215731700E-01	  2.714751068885970E-02	
截面面积(m^2): 	0.1507256613330001

