HawtC2_ProjectName: Section Failure Analysis for SectionMESH_1_复合材料叶片截面属性示例弦长方向插值新的版本 更多消息和教程请访问：http://www.hawtc.cn/
Powered By OpenWECD.HawtC2.HawtC2 @CopyRight 赵子祯
计算时间：11/06/2025 08:58:24
Force:0_0_0_20000_10000_0
!Elements578
Tsai_Wu失效准则	
8.071124458805020E-08	
8.122341822022160E-08	
8.234685208289930E-08	
8.730236708060700E-08	
1.056903298973570E-07	
1.315888234435170E-07	
1.682469518660710E-07	
7.482377253703770E-08	
7.591148276500380E-08	
7.827817909714970E-08	
8.353790120866390E-08	
1.014068138022840E-07	
1.274512117603200E-07	
1.896130021514870E-07	
7.959647585200400E-08	
7.950585859236220E-08	
7.923377123454580E-08	
7.341780994961260E-08	
7.641793544800730E-08	
8.169775372533920E-08	
8.696912035676460E-08	
5.490894385370540E-08	
5.528259128104630E-08	
5.554091056350000E-08	
4.819187808604210E-08	
4.733975476048860E-08	
4.202797548432460E-08	
3.272401197100870E-08	
4.139072342151750E-08	
4.127827014792710E-08	
3.557896121593140E-08	
3.433338787147580E-08	
3.308309097739540E-08	
3.137928594480460E-08	
2.920987410638410E-08	
4.088698584878180E-08	
4.064777062079780E-08	
3.427068672710120E-08	
3.272487141178050E-08	
3.147505136702270E-08	
3.036026579134190E-08	
2.904476882382960E-08	
4.168559509715180E-08	
4.140634496856160E-08	
3.438579400418850E-08	
3.245406208139030E-08	
3.084514095270630E-08	
2.932258762441720E-08	
2.751183379926110E-08	
4.270143707816910E-08	
4.238150110414790E-08	
3.485666754017880E-08	
3.261346650737360E-08	
3.073591381211220E-08	
2.892200203896360E-08	
2.675515216639600E-08	
4.221459107638780E-08	
4.187291890410370E-08	
3.430072530032470E-08	
3.222712430336340E-08	
3.061072448733440E-08	
2.926314489142210E-08	
2.771793696168510E-08	
2.482109484710250E-08	
2.456157912859640E-08	
1.989882560556860E-08	
1.700490263470220E-08	
1.461190937848230E-08	
1.230836481751250E-08	
9.756358039045080E-09	
2.449785372798160E-08	
2.421695880846410E-08	
1.833345757971820E-08	
1.210715007854010E-08	
8.306477852388780E-09	
6.117840692125760E-09	
5.362489268352280E-09	
3.157165658815810E-08	
3.130015700791120E-08	
2.474751273064190E-08	
2.346188029725890E-08	
2.073072040142490E-08	
9.499424329775230E-09	
5.682658346681900E-09	
3.639118011042930E-08	
3.603997997828020E-08	
2.718149605905810E-08	
2.323495075001470E-08	
3.276017203188680E-08	
1.525345675691460E-08	
9.554017381072580E-09	
3.745458195383440E-08	
3.709156338982780E-08	
2.796142319390180E-08	
2.366238421299770E-08	
5.580607926552120E-08	
2.153550635456890E-08	
1.772203138107110E-08	
3.749992239449230E-08	
3.714757070822960E-08	
2.824533170765290E-08	
2.429628508716140E-08	
1.504080289295890E-07	
2.769781073065220E-08	
1.897765238015290E-08	
3.531447651376640E-08	
3.526183522514760E-08	
2.800333269623650E-08	
2.517121955030220E-08	
3.370461887459480E-07	
3.282453546924100E-08	
4.990026130016220E-08	
3.963790229632120E-08	
3.928903107090290E-08	
3.001157165338330E-08	
2.596154409818820E-08	
2.573168472080340E-06	
4.112026477732090E-08	
2.786887502451360E-08	
4.187833291443020E-08	
4.151870516233060E-08	
3.192398688806690E-08	
2.788938301039600E-08	
1.468009130178360E-05	
4.381148857482060E-08	
2.821254464639830E-08	
4.317213311919130E-08	
4.280941779837080E-08	
3.303230579467560E-08	
2.902025110248380E-08	
3.947962466538090E-05	
4.508019075833640E-08	
2.934565154496230E-08	
4.331689068109620E-08	
4.295215774563630E-08	
3.316459820100370E-08	
2.913524629729730E-08	
7.913414687296020E-05	
4.559801761660980E-08	
2.963378069498690E-08	
4.229823461516180E-08	
4.193443464744480E-08	
3.227166008461560E-08	
2.812405602580310E-08	
1.375364907738370E-04	
4.513331100280680E-08	
2.918699782152520E-08	
4.014555200134670E-08	
3.978565134901450E-08	
3.043458063618240E-08	
2.616865715526270E-08	
2.195538249533980E-04	
4.381109027250430E-08	
2.827331079404530E-08	
3.708698144681570E-08	
3.673884332028310E-08	
2.788431323561730E-08	
2.354854870146430E-08	
3.304291345926370E-04	
4.207520605693730E-08	
2.688007444895340E-08	
3.379000494143160E-08	
3.345573846147900E-08	
2.515638382789510E-08	
2.075945830369530E-08	
4.588713497201580E-04	
3.958340155123150E-08	
2.674794355752870E-08	
3.180619280358800E-08	
3.147700939471490E-08	
2.353922173093540E-08	
1.910187350563910E-08	
5.367657811314610E-04	
2.633255062661910E-08	
1.725187795281890E-08	
3.091265417477020E-08	
3.065918606277010E-08	
2.313458207996080E-08	
1.874484248621720E-08	
5.500414734580300E-04	
2.111873970397280E-08	
1.936304188094050E-08	
3.181347664854000E-08	
3.148453202945410E-08	
2.335421502134230E-08	
1.816578338550200E-08	
5.608339210414290E-04	
1.605318824306420E-08	
6.998929515947160E-09	
3.518174004633830E-08	
3.483604367178370E-08	
2.633133775419820E-08	
2.167611644572140E-08	
6.140255103944630E-04	
1.184177597063490E-08	
4.868142801974510E-09	
5.343025915107620E-08	
5.301045914417620E-08	
4.246670379216780E-08	
4.573106381119110E-08	
6.296165101928130E-04	
1.871837781859180E-08	
1.411539791353250E-08	
9.038660667812430E-08	
8.983383450695190E-08	
7.470415276304410E-08	
7.028269918907410E-08	
4.497028147277870E-04	
1.957613259612990E-08	
1.736909067210930E-08	
8.726875972081690E-08	
8.671980293493460E-08	
7.239673474077730E-08	
6.791171157133330E-08	
2.895735647769400E-04	
1.951700704068950E-08	
1.702957678407560E-08	
8.481324041667260E-08	
8.427256820752360E-08	
7.081197301361130E-08	
6.641676402224800E-08	
1.735794362626300E-04	
1.943288101740620E-08	
1.700270462207630E-08	
8.353891599732950E-08	
8.300455028841000E-08	
7.031320284918020E-08	
6.595490973192200E-08	
9.346238738876110E-05	
1.942760835168540E-08	
1.699142896760780E-08	
8.328122741212740E-08	
8.272975982737250E-08	
7.063983391441430E-08	
6.620732951776660E-08	
4.330419574940290E-05	
1.946449042721640E-08	
1.702195524478890E-08	
8.333405579306710E-08	
8.286443070320290E-08	
7.163276804179030E-08	
6.759244680599550E-08	
1.788488518522570E-05	
1.946357583231300E-08	
1.716044201375720E-08	
8.652819365957300E-08	
8.568073947458630E-08	
7.353695810248000E-08	
6.736003233525310E-08	
1.302021667787650E-05	
1.976494994766390E-08	
1.689156670031860E-08	
2.915626332414150E-09	
2.799261503986830E-09	
2.259535447950530E-09	
1.257622565300660E-09	
1.506716373203470E-05	
1.516473540433460E-09	
1.052895125377400E-09	
5.161351673885180E-08	
5.322652031781070E-08	
5.687856790420260E-08	
6.998525085007360E-08	
1.000872444337390E-07	
1.361362613677110E-07	
2.678086420567690E-07	
5.181074166889870E-08	
5.315487929006660E-08	
5.628456107623820E-08	
6.854058182390030E-08	
1.028163367441890E-07	
1.324822294748580E-07	
2.679392847241080E-07	
6.308302443474930E-08	
6.417616974616700E-08	
6.640185188848960E-08	
7.671553833731210E-08	
1.038144225168840E-07	
1.433620596114630E-07	
2.149132310845230E-07	
7.238244109305410E-08	
7.276712425926740E-08	
7.382538425749680E-08	
8.035347165323660E-08	
9.585669733319670E-08	
1.351217879644900E-07	
2.105672329610550E-07	
6.050167509034310E-08	
5.963668232965760E-08	
5.715387473026520E-08	
6.313908281670480E-08	
6.866472676499840E-08	
6.615952707049480E-08	
4.445396457745990E-08	
6.677852221246340E-08	
6.836261328360400E-08	
7.073468758776150E-08	
6.905245083102510E-08	
6.794690140293140E-08	
4.303385237435440E-08	
1.171756848280630E-08	
4.889500521723610E-08	
4.872043052027720E-08	
4.439381332305940E-08	
4.156644659004780E-08	
3.877323504246800E-08	
3.478833744758570E-08	
2.994447217589070E-08	
4.701434683818930E-08	
4.676316750229800E-08	
4.312509890229430E-08	
4.116410251307770E-08	
3.960152984092000E-08	
3.828153052597040E-08	
3.661146653538570E-08	
5.096510295202910E-08	
5.062937655708510E-08	
4.706093513945810E-08	
4.424863696909240E-08	
4.189565974645910E-08	
3.966937684210280E-08	
3.702738234611820E-08	
5.394091017378990E-08	
5.357880171553160E-08	
5.033730060739760E-08	
4.714352665977570E-08	
4.445185530566220E-08	
4.177881512899670E-08	
3.853327677285070E-08	
5.413311603040010E-08	
5.374180850309340E-08	
5.106980593610880E-08	
4.834373374764340E-08	
4.617617755444640E-08	
4.455307401338510E-08	
4.274958624424680E-08	
2.675759713432560E-08	
2.648121244656610E-08	
2.526896099904180E-08	
2.161657009339820E-08	
1.716347339690140E-08	
1.504115041115860E-08	
1.260301563424880E-08	
2.699149878184470E-08	
2.668441014942430E-08	
2.482705396187240E-08	
1.660698317616170E-08	
1.068470141815250E-08	
5.121362086804720E-09	
1.539976865197110E-09	
1.733686875579790E-08	
1.711065116504500E-08	
1.612543969430720E-08	
7.579425195542400E-09	
1.717202933169600E-08	
4.762703012826000E-09	
4.565126940087790E-09	
1.507360452534220E-08	
1.499033534804380E-08	
1.558163644076570E-08	
7.850121873399250E-09	
6.504109271040800E-08	
8.074679489451990E-09	
8.211354660112010E-09	
1.659744179613640E-08	
1.636425014751110E-08	
1.602993594682080E-08	
7.781431680536120E-09	
2.411663926206960E-07	
1.161369784090760E-08	
9.299237896982350E-09	
1.671371090047410E-08	
1.649323803808760E-08	
1.630792353682370E-08	
7.946410219315170E-09	
1.970502104597860E-06	
1.865525658839280E-08	
1.628037846470200E-08	
1.689269849665440E-08	
1.667293022776860E-08	
1.664638442718950E-08	
8.217274506549370E-09	
1.209889595449320E-05	
1.915479899710060E-08	
1.475370673302620E-08	
1.706022708065080E-08	
1.683925899646080E-08	
1.691422248508210E-08	
8.378549505529350E-09	
4.046619128335110E-05	
1.920346158841150E-08	
1.508774705510910E-08	
1.698749534924740E-08	
1.676748188706650E-08	
1.687822463501060E-08	
8.376243024997920E-09	
9.013565820682900E-05	
1.940205441656940E-08	
1.525272179911870E-08	
1.671965116402400E-08	
1.650089439470140E-08	
1.657654391145430E-08	
8.192219348502410E-09	
1.657589705786250E-04	
1.967136239568500E-08	
1.543920030466110E-08	
1.628409238382700E-08	
1.606670034808620E-08	
1.604691024944040E-08	
7.839996258095030E-09	
2.720438681798650E-04	
2.002870385555470E-08	
1.569740344332170E-08	
1.569180922402990E-08	
1.547670850531130E-08	
1.532405625337970E-08	
7.360907991281560E-09	
4.141536865471140E-04	
2.058847031376830E-08	
1.590149699882610E-08	
1.535552646683840E-08	
1.513581531326900E-08	
1.484515436869400E-08	
6.847029758827250E-09	
5.478484678504660E-04	
2.078977400386440E-08	
1.732730962087060E-08	
1.544197377043190E-08	
1.520886077133550E-08	
1.476158276128180E-08	
6.518142207649410E-09	
6.133644952232950E-04	
1.357337383123740E-08	
1.018684733473890E-08	
1.556974230293650E-08	
1.529216559055270E-08	
1.470706340719960E-08	
6.430184306884830E-09	
6.298652058049920E-04	
1.023485726442300E-08	
9.950953931211210E-09	
1.516248150696380E-08	
1.494917747103290E-08	
1.452784567864270E-08	
6.432961695887110E-09	
6.419783806012790E-04	
6.404704887621980E-09	
4.392396337604000E-09	
1.559440756365030E-08	
1.543996384948040E-08	
1.477531716544790E-08	
6.307252010511700E-09	
6.534411884964450E-04	
4.173964922452780E-09	
3.659458958273460E-09	
1.753466894016820E-08	
1.730881142359610E-08	
1.710473551330960E-08	
8.901268193861000E-09	
6.978676153562230E-04	
3.563939483465290E-09	
1.913229975290370E-09	
3.229325615233040E-08	
3.195516947030310E-08	
3.238406781358060E-08	
2.391237355631140E-08	
6.572426442355480E-04	
7.224664095127380E-09	
7.043255769114910E-09	
1.104121307968860E-07	
1.097970502520240E-07	
1.024443529899930E-07	
9.690873267233910E-08	
4.855221517417740E-04	
1.780735459628080E-08	
1.554009193918560E-08	
1.049465571245370E-07	
1.043484347753970E-07	
9.680360114951810E-08	
9.113960948394500E-08	
2.864193997050610E-04	
1.880575280759330E-08	
1.640182211905160E-08	
1.002329972136560E-07	
9.965427524260290E-08	
9.204975510873940E-08	
8.666018839970370E-08	
1.533414732435140E-04	
1.943983141459370E-08	
1.701446186846460E-08	
9.691950509129840E-08	
9.633458575313380E-08	
8.847130682102580E-08	
8.308795565778820E-08	
7.082475189488840E-05	
1.980958095287330E-08	
1.733969484888560E-08	
9.409901347767860E-08	
9.359326367529460E-08	
8.578570991954420E-08	
8.089896860666350E-08	
2.707245090401600E-05	
1.989374601435950E-08	
1.751787717401740E-08	
9.425296975207360E-08	
9.343466640702650E-08	
8.408601736448370E-08	
7.747247951901550E-08	
1.318486594405880E-05	
2.003596397822000E-08	
1.721099290681500E-08	
4.867986387273340E-09	
4.700919979009280E-09	
4.028213367168120E-09	
2.604699948040040E-09	
1.632904956905950E-05	
2.299995955397180E-09	
1.480396463958400E-09	
3.893705752832190E-08	
3.809544185613640E-08	
3.729212973289530E-08	
3.664821268473310E-08	
3.615505961132500E-08	
3.581312096886910E-08	
3.562254863626450E-08	
3.558618209345310E-08	
3.579244724427410E-08	
3.824762280896040E-08	
6.386616379401780E-08	
1.091961457128840E-07	
1.022937427557670E-07	
9.602838229981360E-08	
8.869816825911410E-08	
7.878790571913820E-08	
6.687681639541590E-08	
5.569122353340730E-08	
4.908775358889470E-08	
3.023096216821750E-08	
3.098811182796660E-08	
2.606878567057740E-08	
2.506312481092170E-08	
2.435390961302450E-08	
2.381741343600870E-08	
2.345302136106700E-08	
2.326064198894680E-08	
2.324032508765320E-08	
2.340316154047440E-08	
2.539957985933650E-08	
2.465733887803040E-08	
1.924801346542330E-08	
1.846269255037550E-08	
1.798313206176140E-08	
1.763859013853660E-08	
1.741980684561990E-08	
1.732616970843980E-08	
1.735918507732140E-08	
1.755736448355100E-08	
1.996807152614990E-08	
8.664590869307310E-08	
1.572166538519510E-07	
1.168994683140000E-07	
7.779703948531940E-08	
4.970115423426260E-08	
3.293825512694310E-08	
2.765449649770780E-08	
3.451303090986910E-08	
5.207654273260270E-08	
3.597856999647890E-08	
2.737906310361190E-08	
2.629423118751370E-08	
2.569465749797000E-08	
2.524810518316830E-08	
2.491771044952280E-08	
2.470058333146230E-08	
2.459655223726110E-08	
2.460582090589200E-08	
2.472756029304050E-08	
2.508072423377110E-08	
