============================================================
  PcsL Cross-Section Analysis Results
  Title: S1_Q8_fine
============================================================

Cross-Section Stiffness Matrix (Ks):
    3.469588e-01    8.407465e-17    0.000000e+00    0.000000e+00    0.000000e+00    2.641505e-19
    8.884774e-17    4.031305e-01    0.000000e+00    0.000000e+00    0.000000e+00   -5.107540e-20
    0.000000e+00    0.000000e+00    1.031756e+00   -5.734280e-11    1.304736e-09    0.000000e+00
    0.000000e+00    0.000000e+00   -5.734279e-11    8.643208e-04   -8.552979e-20    0.000000e+00
    0.000000e+00    0.000000e+00    1.304736e-09   -2.373320e-20    8.623996e-04    0.000000e+00
    0.000000e+00    3.773492e-27    0.000000e+00    0.000000e+00    0.000000e+00    2.715090e-04

Cross-Section Stiffness Matrix at Origin (Ks_origin):
    3.469588e-01    8.407465e-17    0.000000e+00    0.000000e+00    0.000000e+00   -1.557243e-11
    8.884774e-17    4.031305e-01    0.000000e+00    0.000000e+00    0.000000e+00    5.114554e-10
    0.000000e+00    0.000000e+00    1.031756e+00   -1.103489e-11   -4.261541e-12    0.000000e+00
    0.000000e+00    0.000000e+00   -1.103488e-11    8.643208e-04   -1.296973e-20    0.000000e+00
    0.000000e+00    0.000000e+00   -4.261540e-12    4.882687e-20    8.623996e-04    0.000000e+00
   -1.557243e-11    5.114554e-10    0.000000e+00    0.000000e+00    0.000000e+00    2.715090e-04

Cross-Section Mass Matrix (Ms):
    1.915500e+01    0.000000e+00    0.000000e+00    0.000000e+00    0.000000e+00   -2.338624e-16
    0.000000e+00    1.915500e+01    0.000000e+00    0.000000e+00    0.000000e+00   -1.939638e-16
    0.000000e+00    0.000000e+00    1.915500e+01    2.338624e-16    1.939638e-16    0.000000e+00
    0.000000e+00    0.000000e+00    2.338624e-16    1.596250e-02    4.601506e-18    0.000000e+00
    0.000000e+00    0.000000e+00    1.939638e-16    4.601506e-18    1.596250e-02    0.000000e+00
   -2.338624e-16   -1.939638e-16    0.000000e+00    0.000000e+00    0.000000e+00    3.192500e-02

--- Cross-Section Properties ---
  Elastic Center X    : 4.13037721e-12
  Elastic Center Y    : -1.06952423e-11
  Shear Center X      : 1.26870919e-09
  Shear Center Y      : 4.48826379e-11
  Mass per unit length: 1.91550000e+01
  Mass Center X       : -1.01260125e-17
  Mass Center Y       : 1.22089485e-17
  Ixx                 : 1.59625000e-02
  Iyy                 : 1.59625000e-02
  Ixy                 : -4.60150649e-18
  Area                : 1.00000000e-02
  Area Center X       : -1.83726740e-17
  Area Center Y       : -5.91467225e-18
  Principal Axis (ref): 9.00000000e+01 deg
  Principal Axis (EC) : 9.00000000e+01 deg

  (Stiffness matrix transformed to shear center)
