============================================================
  PcsL Cross-Section Analysis Results
  Title: C1
============================================================

Cross-Section Stiffness Matrix (Ks):
    1.248825e-01    3.246492e-18    0.000000e+00    0.000000e+00    0.000000e+00    4.307085e-19
    1.374348e-17    1.248825e-01    0.000000e+00    0.000000e+00    0.000000e+00   -3.788768e-19
    0.000000e+00    0.000000e+00    5.964771e-01    3.763732e-18    5.712524e-18    0.000000e+00
    0.000000e+00    0.000000e+00   -1.054445e-17    2.697212e-03    1.681246e-19    0.000000e+00
    0.000000e+00    0.000000e+00    1.388285e-17    2.033802e-19    2.697212e-03    0.000000e+00
    0.000000e+00    2.537398e-35    0.000000e+00    0.000000e+00    0.000000e+00    2.247632e-03

Cross-Section Stiffness Matrix at Origin (Ks_origin):
    1.248825e-01    3.246492e-18    0.000000e+00    0.000000e+00    0.000000e+00   -5.453495e-19
    1.374348e-17    1.248825e-01    0.000000e+00    0.000000e+00    0.000000e+00    3.856400e-19
    0.000000e+00    0.000000e+00    5.964771e-01    8.425685e-18    2.060956e-18    0.000000e+00
    0.000000e+00    0.000000e+00   -5.882492e-18    2.697212e-03    1.681246e-19    0.000000e+00
    0.000000e+00    0.000000e+00    1.023128e-17    2.033802e-19    2.697212e-03    0.000000e+00
   -9.760580e-19    7.645168e-19    0.000000e+00    0.000000e+00    0.000000e+00    2.247632e-03

Cross-Section Mass Matrix (Ms):
    5.964771e-03    0.000000e+00    0.000000e+00    0.000000e+00    0.000000e+00   -5.082198e-21
    0.000000e+00    5.964771e-03    0.000000e+00    0.000000e+00    0.000000e+00   -1.495543e-21
    0.000000e+00    0.000000e+00    5.964771e-03    5.082198e-21    1.495543e-21    0.000000e+00
    0.000000e+00    0.000000e+00    5.082198e-21    2.697136e-05    3.691707e-21    0.000000e+00
    0.000000e+00    0.000000e+00    1.495543e-21    3.691707e-21    2.697136e-05    0.000000e+00
   -5.082198e-21   -1.495543e-21    0.000000e+00    0.000000e+00    0.000000e+00    5.394273e-05

--- Cross-Section Properties ---
  Elastic Center X    : -1.71528485e-17
  Elastic Center Y    : -9.86205801e-18
  Shear Center X      : 6.12189089e-18
  Shear Center Y      : 7.81581307e-18
  Mass per unit length: 5.96477088e-03
  Mass Center X       : -2.50729253e-19
  Mass Center Y       : 8.52035692e-19
  Ixx                 : 2.69713649e-05
  Iyy                 : 2.69713649e-05
  Ixy                 : -3.69170707e-21
  Area                : 5.96477088e-03
  Area Center X       : -2.50729253e-19
  Area Center Y       : 8.52035692e-19
  Principal Axis (ref): 0.00000000e+00 deg
  Principal Axis (EC) : 0.00000000e+00 deg

  (Stiffness matrix transformed to shear center)
