============================================================
  PcsL Cross-Section Analysis Results
  Title: S3_67.5
============================================================

Cross-Section Stiffness Matrix (Ks):
    6.019956e-01    2.114752e-17    6.295517e-02   -1.651240e-18   -1.014948e-19   -3.573325e-18
    1.247722e-17    4.295829e-01    2.275167e-17    2.425976e-19    2.686352e-21   -6.595355e-19
    6.295517e-02    2.213624e-17    1.241101e+00    5.807099e-18    3.736009e-18    1.719801e-18
   -1.402422e-18    1.594340e-19    6.037909e-18    1.031777e-03   -3.409692e-20   -4.449625e-05
   -1.295398e-18   -9.210350e-20    2.471942e-18   -3.163627e-20    1.029954e-03    1.201788e-20
    2.597137e-19   -6.875724e-21    3.667299e-18   -4.449625e-05    1.898673e-20    8.525017e-04

Cross-Section Stiffness Matrix at Origin (Ks_origin):
    6.019956e-01    2.114752e-17    6.295517e-02   -1.897403e-18   -4.819803e-19   -1.219436e-18
    1.247722e-17    4.295829e-01    2.275167e-17    2.425976e-19    2.686352e-21    1.936758e-18
    6.295517e-02    2.213624e-17    1.241101e+00    9.542174e-19   -3.764898e-18    1.965964e-18
   -1.648586e-18    1.594340e-19    1.185027e-18    1.031777e-03   -3.409692e-20   -4.449625e-05
   -1.675884e-18   -9.210350e-20   -5.028965e-18   -3.163627e-20    1.029954e-03    1.201788e-20
    2.613603e-18    2.589417e-18    3.913463e-18   -4.449625e-05    1.898673e-20    8.525017e-04

Cross-Section Mass Matrix (Ms):
    1.000000e-01    0.000000e+00    0.000000e+00    0.000000e+00    0.000000e+00   -9.486769e-20
    0.000000e+00    1.000000e-01    0.000000e+00    0.000000e+00    0.000000e+00   -2.303930e-19
    0.000000e+00    0.000000e+00    1.000000e-01    9.486769e-20    2.303930e-19    0.000000e+00
    0.000000e+00    0.000000e+00    9.486769e-20    8.333333e-05   -2.541099e-21    0.000000e+00
    0.000000e+00    0.000000e+00    2.303930e-19   -2.541099e-21    8.333333e-05    0.000000e+00
   -9.486769e-20   -2.303930e-19    0.000000e+00    0.000000e+00    0.000000e+00    1.666667e-04

--- Cross-Section Properties ---
  Elastic Center X    : 3.93166331e-18
  Elastic Center Y    : 1.25346867e-18
  Shear Center X      : 6.04375377e-18
  Shear Center Y      : -3.91014343e-18
  Mass per unit length: 1.00000000e-01
  Mass Center X       : -2.30392962e-18
  Mass Center Y       : 9.48676901e-19
  Ixx                 : 8.33333333e-05
  Iyy                 : 8.33333333e-05
  Ixy                 : 2.54109884e-21
  Area                : 1.00000000e-02
  Area Center X       : 2.11758237e-18
  Area Center Y       : 2.20228566e-18
  Principal Axis (ref): 9.00000000e+01 deg
  Principal Axis (EC) : 9.00000000e+01 deg

  (Stiffness matrix transformed to shear center)
