============================================================
  PcsL Cross-Section Analysis Results
  Title: Square Abaqus 10x10 Ortho
============================================================

Cross-Section Stiffness Matrix (Ks):
    6.620542e+07    1.540490e-09    2.768249e+07    5.587935e-09   -8.614734e-09   -4.656613e-10
   -3.294388e-09    3.095357e+07   -4.491300e-09    4.040611e-11    9.111421e-10    3.492460e-09
    2.768249e+07    1.070858e-08    1.223782e+08    2.235174e-08   -2.048910e-08    2.328306e-09
    1.327135e-08   -1.439899e-09    3.073364e-08    9.563710e+04   -1.513399e-10   -1.531567e+04
   -1.234002e-08   -3.884418e-11   -2.328306e-08   -1.164153e-10    9.297335e+04    5.432910e-11
   -9.313226e-10    3.098552e-10    1.396984e-09   -1.531567e+04   -2.910383e-12    7.367877e+04

Cross-Section Stiffness Matrix at Origin (Ks_origin):
    6.620542e+07    1.540490e-09    2.768249e+07    1.384125e+06   -1.384125e+06   -3.310271e+06
   -3.294388e-09    3.095357e+07   -4.491300e-09   -1.841589e-10    1.135707e-09    1.547678e+06
    2.768249e+07    1.070858e-08    1.223782e+08    6.118911e+06   -6.118911e+06   -1.384125e+06
    1.384125e+06   -9.044702e-10    6.118911e+06    4.015826e+05   -3.059455e+05   -8.452189e+04
   -1.384125e+06   -5.742730e-10   -6.118911e+06   -3.059455e+05    3.989189e+05    6.920623e+04
   -3.310271e+06    1.547678e+06   -1.384125e+06   -8.452189e+04    6.920623e+04    3.165762e+05

Cross-Section Mass Matrix (Ms):
    1.000000e-02    0.000000e+00    0.000000e+00    0.000000e+00    0.000000e+00   -5.000000e-04
    0.000000e+00    1.000000e-02    0.000000e+00    0.000000e+00    0.000000e+00    5.000000e-04
    0.000000e+00    0.000000e+00    1.000000e-02    5.000000e-04   -5.000000e-04    0.000000e+00
    0.000000e+00    0.000000e+00    5.000000e-04    3.333333e-05   -2.500000e-05    0.000000e+00
    0.000000e+00    0.000000e+00   -5.000000e-04   -2.500000e-05    3.333333e-05    0.000000e+00
   -5.000000e-04    5.000000e-04    0.000000e+00    0.000000e+00    0.000000e+00    6.666667e-05

--- Cross-Section Properties ---
  Elastic Center X    : 5.00000000e-02
  Elastic Center Y    : 5.00000000e-02
  Shear Center X      : 5.00000000e-02
  Shear Center Y      : 5.00000000e-02
  Mass per unit length: 1.00000000e-02
  Mass Center X       : 5.00000000e-02
  Mass Center Y       : 5.00000000e-02
  Ixx                 : 3.33333333e-05
  Iyy                 : 3.33333333e-05
  Ixy                 : 2.50000000e-05
  Area                : 1.00000000e-02
  Area Center X       : 5.00000000e-02
  Area Center Y       : 5.00000000e-02
  Principal Axis (ref): 4.51247124e+01 deg
  Principal Axis (EC) : 9.00000000e+01 deg

  (Stiffness matrix transformed to shear center)
